Using pre-set license
Built from '2021.3/staging' branch; Version is '2021.3.11f1 (0a5ca18544bf) revision 679073'; Using compiler version '192829333'; Build Type 'Release'
OS: 'Windows 10  (10.0.19045) 64bit Professional' Language: 'en' Physical Memory: 32509 MB
BatchMode: 1, IsHumanControllingUs: 0, StartBugReporterOnCrash: 0, Is64bit: 1, IsPro: 1

COMMAND LINE ARGUMENTS:
C:\Program Files\Unity\Hub\Editor\2021.3.11f1\Editor\Unity.exe
-adb2
-batchMode
-noUpm
-name
AssetImportWorker0
-projectPath
C:/Users/Rishi/Downloads/Project 7
-logFile
Logs/AssetImportWorker0.log
-srvPort
61482
Successfully changed project path to: C:/Users/Rishi/Downloads/Project 7
C:/Users/Rishi/Downloads/Project 7
[UnityMemory] Configuration Parameters - Can be set up in boot.config
    "memorysetup-bucket-allocator-granularity=16"
    "memorysetup-bucket-allocator-bucket-count=8"
    "memorysetup-bucket-allocator-block-size=33554432"
    "memorysetup-bucket-allocator-block-count=8"
    "memorysetup-main-allocator-block-size=16777216"
    "memorysetup-thread-allocator-block-size=16777216"
    "memorysetup-gfx-main-allocator-block-size=16777216"
    "memorysetup-gfx-thread-allocator-block-size=16777216"
    "memorysetup-cache-allocator-block-size=4194304"
    "memorysetup-typetree-allocator-block-size=2097152"
    "memorysetup-profiler-bucket-allocator-granularity=16"
    "memorysetup-profiler-bucket-allocator-bucket-count=8"
    "memorysetup-profiler-bucket-allocator-block-size=33554432"
    "memorysetup-profiler-bucket-allocator-block-count=8"
    "memorysetup-profiler-allocator-block-size=16777216"
    "memorysetup-profiler-editor-allocator-block-size=1048576"
    "memorysetup-temp-allocator-size-main=16777216"
    "memorysetup-job-temp-allocator-block-size=2097152"
    "memorysetup-job-temp-allocator-block-size-background=1048576"
    "memorysetup-job-temp-allocator-reduction-small-platforms=262144"
    "memorysetup-temp-allocator-size-background-worker=32768"
    "memorysetup-temp-allocator-size-job-worker=262144"
    "memorysetup-temp-allocator-size-preload-manager=33554432"
    "memorysetup-temp-allocator-size-nav-mesh-worker=65536"
    "memorysetup-temp-allocator-size-audio-worker=65536"
    "memorysetup-temp-allocator-size-cloud-worker=32768"
    "memorysetup-temp-allocator-size-gi-baking-worker=262144"
    "memorysetup-temp-allocator-size-gfx=262144"
Refreshing native plugins compatible for Editor in 91.00 ms, found 3 plugins.
Preloading 0 native plugins for Editor in 0.00 ms.
Initialize engine version: 2021.3.11f1 (0a5ca18544bf)
[Subsystems] Discovering subsystems at path C:/Program Files/Unity/Hub/Editor/2021.3.11f1/Editor/Data/Resources/UnitySubsystems
[Subsystems] Discovering subsystems at path C:/Users/Rishi/Downloads/Project 7/Assets
GfxDevice: creating device client; threaded=0; jobified=0
Direct3D:
    Version:  Direct3D 11.0 [level 11.1]
    Renderer: NVIDIA GeForce RTX 3090 Ti (ID=0x2203)
    Vendor:   NVIDIA
    VRAM:     24327 MB
    Driver:   31.0.15.3667
Initialize mono
Mono path[0] = 'C:/Program Files/Unity/Hub/Editor/2021.3.11f1/Editor/Data/Managed'
Mono path[1] = 'C:/Program Files/Unity/Hub/Editor/2021.3.11f1/Editor/Data/MonoBleedingEdge/lib/mono/unityjit-win32'
Mono config path = 'C:/Program Files/Unity/Hub/Editor/2021.3.11f1/Editor/Data/MonoBleedingEdge/etc'
Using monoOptions --debugger-agent=transport=dt_socket,embedding=1,server=y,suspend=n,address=127.0.0.1:56056
Begin MonoManager ReloadAssembly
Registering precompiled unity dll's ...
Register platform support module: C:/Program Files/Unity/Hub/Editor/2021.3.11f1/Editor/Data/PlaybackEngines/MacStandaloneSupport/UnityEditor.OSXStandalone.Extensions.dll
Register platform support module: C:/Program Files/Unity/Hub/Editor/2021.3.11f1/Editor/Data/PlaybackEngines/WindowsStandaloneSupport/UnityEditor.WindowsStandalone.Extensions.dll
Register platform support module: C:/Program Files/Unity/Hub/Editor/2021.3.11f1/Editor/Data/PlaybackEngines/MetroSupport/UnityEditor.UWP.Extensions.dll
Registered in 0.010786 seconds.
Native extension for UWP target not found
Native extension for WindowsStandalone target not found
Native extension for OSXStandalone target not found
Refreshing native plugins compatible for Editor in 90.15 ms, found 3 plugins.
Preloading 0 native plugins for Editor in 0.00 ms.
Mono: successfully reloaded assembly
- Completed reload, in  0.731 seconds
Domain Reload Profiling:
	ReloadAssembly (731ms)
		BeginReloadAssembly (86ms)
			ExecutionOrderSort (0ms)
			DisableScriptedObjects (0ms)
			BackupInstance (0ms)
			ReleaseScriptingObjects (0ms)
			CreateAndSetChildDomain (0ms)
		EndReloadAssembly (516ms)
			LoadAssemblies (85ms)
			RebuildTransferFunctionScriptingTraits (0ms)
			SetupTypeCache (106ms)
			ReleaseScriptCaches (0ms)
			RebuildScriptCaches (33ms)
			SetupLoadedEditorAssemblies (316ms)
				LogAssemblyErrors (0ms)
				InitializePlatformSupportModulesInManaged (15ms)
				SetLoadedEditorAssemblies (0ms)
				RefreshPlugins (90ms)
				BeforeProcessingInitializeOnLoad (2ms)
				ProcessInitializeOnLoadAttributes (158ms)
				ProcessInitializeOnLoadMethodAttributes (51ms)
				AfterProcessingInitializeOnLoad (0ms)
				EditorAssembliesLoaded (0ms)
			ExecutionOrderSort2 (0ms)
			AwakeInstancesAfterBackupRestoration (0ms)
Platform modules already initialized, skipping
Registering precompiled user dll's ...
Registered in 0.008198 seconds.
Begin MonoManager ReloadAssembly
Symbol file LoadedFromMemory doesn't match image C:\Users\Rishi\Downloads\Project 7\Library\PackageCache\com.unity.visualscripting@1.7.8\Editor\VisualScripting.Core\Dependencies\YamlDotNet\Unity.VisualScripting.YamlDotNet.dll
Symbol file LoadedFromMemory doesn't match image C:\Users\Rishi\Downloads\Project 7\Library\PackageCache\com.unity.visualscripting@1.7.8\Editor\VisualScripting.Core\Dependencies\DotNetZip\Unity.VisualScripting.IonicZip.dll
Native extension for UWP target not found
Native extension for WindowsStandalone target not found
Native extension for OSXStandalone target not found
Refreshing native plugins compatible for Editor in 0.58 ms, found 3 plugins.
Preloading 0 native plugins for Editor in 0.00 ms.
Mono: successfully reloaded assembly
- Completed reload, in  1.013 seconds
Domain Reload Profiling:
	ReloadAssembly (1014ms)
		BeginReloadAssembly (97ms)
			ExecutionOrderSort (0ms)
			DisableScriptedObjects (6ms)
			BackupInstance (0ms)
			ReleaseScriptingObjects (0ms)
			CreateAndSetChildDomain (17ms)
		EndReloadAssembly (802ms)
			LoadAssemblies (73ms)
			RebuildTransferFunctionScriptingTraits (0ms)
			SetupTypeCache (237ms)
			ReleaseScriptCaches (0ms)
			RebuildScriptCaches (50ms)
			SetupLoadedEditorAssemblies (388ms)
				LogAssemblyErrors (0ms)
				InitializePlatformSupportModulesInManaged (11ms)
				SetLoadedEditorAssemblies (0ms)
				RefreshPlugins (1ms)
				BeforeProcessingInitializeOnLoad (90ms)
				ProcessInitializeOnLoadAttributes (247ms)
				ProcessInitializeOnLoadMethodAttributes (29ms)
				AfterProcessingInitializeOnLoad (10ms)
				EditorAssembliesLoaded (0ms)
			ExecutionOrderSort2 (0ms)
			AwakeInstancesAfterBackupRestoration (6ms)
Platform modules already initialized, skipping
========================================================================
Worker process is ready to serve import requests
Launched and connected shader compiler UnityShaderCompiler.exe after 0.03 seconds
Refreshing native plugins compatible for Editor in 0.58 ms, found 3 plugins.
Preloading 0 native plugins for Editor in 0.00 ms.
Unloading 3568 Unused Serialized files (Serialized files now loaded: 0)
Unloading 39 unused Assets / (1.3 MB). Loaded Objects now: 4023.
Memory consumption went from 135.7 MB to 134.4 MB.
Total: 3.133600 ms (FindLiveObjects: 0.362400 ms CreateObjectMapping: 0.128000 ms MarkObjects: 2.418200 ms  DeleteObjects: 0.223700 ms)

AssetImportParameters requested are different than current active one (requested -> active):
  custom:video-decoder-ogg-theora: a1e56fd34408186e4bbccfd4996cb3dc -> 
  custom:container-muxer-webm: aa71ff27fc2769a1b78a27578f13a17b -> 
  custom:container-demuxer-webm: 4f35f7cbe854078d1ac9338744f61a02 -> 
  custom:video-encoder-webm-vp8: eb34c28f22e8b96e1ab97ce403110664 -> 
  custom:audio-encoder-webm-vorbis: bf7c407c2cedff20999df2af8eb42d56 -> 
  custom:framework-win-MediaFoundation: 216162199b28c13a410421893ffa2e32 -> 
  custom:container-demuxer-ogg: 62fdf1f143b41e24485cea50d1cbac27 -> 
  custom:video-decoder-webm-vp8: 9c59270c3fd7afecdb556c50c9e8de78 -> 
  custom:audio-decoder-ogg-vorbis: bf7c407c2cedff20999df2af8eb42d56 -> 
========================================================================
Received Import Request.
  Time since last request: 453080.080604 seconds.
  path: Assets/IndieMarc/EnemyVision/Materials/VisionMatFar2D.mat
  artifactKey: Guid(f026427ea765a314f9e11fd859d07177) Importer(815301076,1909f56bfc062723c751e8b465ee728b)
Start importing Assets/IndieMarc/EnemyVision/Materials/VisionMatFar2D.mat using Guid(f026427ea765a314f9e11fd859d07177) Importer(815301076,1909f56bfc062723c751e8b465ee728b)  -> (artifact id: 'f7cda0340af1a0e91fae40b6988d68a9') in 0.126890 seconds 
========================================================================
Received Prepare
Registering precompiled user dll's ...
Registered in 0.007799 seconds.
Begin MonoManager ReloadAssembly
Symbol file LoadedFromMemory doesn't match image C:\Users\Rishi\Downloads\Project 7\Library\PackageCache\com.unity.visualscripting@1.7.8\Editor\VisualScripting.Core\Dependencies\YamlDotNet\Unity.VisualScripting.YamlDotNet.dll
Symbol file LoadedFromMemory doesn't match image C:\Users\Rishi\Downloads\Project 7\Library\PackageCache\com.unity.visualscripting@1.7.8\Editor\VisualScripting.Core\Dependencies\DotNetZip\Unity.VisualScripting.IonicZip.dll
Native extension for UWP target not found
Native extension for WindowsStandalone target not found
Native extension for OSXStandalone target not found
Refreshing native plugins compatible for Editor in 0.66 ms, found 3 plugins.
Preloading 0 native plugins for Editor in 0.00 ms.
Mono: successfully reloaded assembly
- Completed reload, in  1.051 seconds
Domain Reload Profiling:
	ReloadAssembly (1052ms)
		BeginReloadAssembly (118ms)
			ExecutionOrderSort (0ms)
			DisableScriptedObjects (5ms)
			BackupInstance (0ms)
			ReleaseScriptingObjects (0ms)
			CreateAndSetChildDomain (30ms)
		EndReloadAssembly (822ms)
			LoadAssemblies (77ms)
			RebuildTransferFunctionScriptingTraits (0ms)
			SetupTypeCache (264ms)
			ReleaseScriptCaches (1ms)
			RebuildScriptCaches (43ms)
			SetupLoadedEditorAssemblies (375ms)
				LogAssemblyErrors (0ms)
				InitializePlatformSupportModulesInManaged (21ms)
				SetLoadedEditorAssemblies (1ms)
				RefreshPlugins (1ms)
				BeforeProcessingInitializeOnLoad (78ms)
				ProcessInitializeOnLoadAttributes (232ms)
				ProcessInitializeOnLoadMethodAttributes (30ms)
				AfterProcessingInitializeOnLoad (12ms)
				EditorAssembliesLoaded (0ms)
			ExecutionOrderSort2 (0ms)
			AwakeInstancesAfterBackupRestoration (7ms)
Platform modules already initialized, skipping
Refreshing native plugins compatible for Editor in 2.34 ms, found 3 plugins.
Preloading 0 native plugins for Editor in 0.00 ms.
Unloading 3520 Unused Serialized files (Serialized files now loaded: 0)
Unloading 32 unused Assets / (1.3 MB). Loaded Objects now: 4067.
Memory consumption went from 135.8 MB to 134.5 MB.
Total: 2.863000 ms (FindLiveObjects: 0.344900 ms CreateObjectMapping: 0.093600 ms MarkObjects: 2.219400 ms  DeleteObjects: 0.204400 ms)

AssetImportParameters requested are different than current active one (requested -> active):
  custom:video-decoder-ogg-theora: a1e56fd34408186e4bbccfd4996cb3dc -> 
  custom:container-muxer-webm: aa71ff27fc2769a1b78a27578f13a17b -> 
  custom:container-demuxer-webm: 4f35f7cbe854078d1ac9338744f61a02 -> 
  custom:video-encoder-webm-vp8: eb34c28f22e8b96e1ab97ce403110664 -> 
  custom:audio-encoder-webm-vorbis: bf7c407c2cedff20999df2af8eb42d56 -> 
  custom:framework-win-MediaFoundation: 216162199b28c13a410421893ffa2e32 -> 
  custom:container-demuxer-ogg: 62fdf1f143b41e24485cea50d1cbac27 -> 
  custom:video-decoder-webm-vp8: 9c59270c3fd7afecdb556c50c9e8de78 -> 
  custom:audio-decoder-ogg-vorbis: bf7c407c2cedff20999df2af8eb42d56 -> 
========================================================================
Received Import Request.
  Time since last request: 227.763908 seconds.
  path: Assets/Mini First Person Controller/Scripts/FirstPersonLook.cs
  artifactKey: Guid(ec72980442fddac4d86e75ab24b4d027) Importer(815301076,1909f56bfc062723c751e8b465ee728b)
Start importing Assets/Mini First Person Controller/Scripts/FirstPersonLook.cs using Guid(ec72980442fddac4d86e75ab24b4d027) Importer(815301076,1909f56bfc062723c751e8b465ee728b)  -> (artifact id: 'cd1712587b23f2e7a2a9cfccb23ef4ec') in 0.021429 seconds 
========================================================================
Received Import Request.
  Time since last request: 51.402093 seconds.
  path: Assets/Scenes/OutlineController.cs
  artifactKey: Guid(b05c7634cdc323744a25a439ec27bd06) Importer(815301076,1909f56bfc062723c751e8b465ee728b)
Start importing Assets/Scenes/OutlineController.cs using Guid(b05c7634cdc323744a25a439ec27bd06) Importer(815301076,1909f56bfc062723c751e8b465ee728b)  -> (artifact id: 'ce7e52025c89d4fbb8f5b9d257f77dbe') in 0.007694 seconds 
========================================================================
Received Import Request.
  Time since last request: 206.803661 seconds.
  path: Assets/Cybernetic Walrus/Factory Interior/Prefabs/Decals
  artifactKey: Guid(c7810685c5cb04649b64314c60218732) Importer(815301076,1909f56bfc062723c751e8b465ee728b)
Start importing Assets/Cybernetic Walrus/Factory Interior/Prefabs/Decals using Guid(c7810685c5cb04649b64314c60218732) Importer(815301076,1909f56bfc062723c751e8b465ee728b)  -> (artifact id: 'e70ab85561a26250deecc6475f4f37d0') in 0.008343 seconds 
========================================================================
Received Import Request.
  Time since last request: 0.065945 seconds.
  path: Assets/Cybernetic Walrus/Factory Interior/Prefabs/Decals/Decal_Bar_Prefab_01.prefab
  artifactKey: Guid(ddffcb7025e5c1e4ebb240d3da0e4604) Importer(815301076,1909f56bfc062723c751e8b465ee728b)
Start importing Assets/Cybernetic Walrus/Factory Interior/Prefabs/Decals/Decal_Bar_Prefab_01.prefab using Guid(ddffcb7025e5c1e4ebb240d3da0e4604) Importer(815301076,1909f56bfc062723c751e8b465ee728b)  -> (artifact id: 'bcb3276b524014c00450f5b24b258540') in 0.134996 seconds 
========================================================================
Received Import Request.
  Time since last request: 0.000019 seconds.
  path: Assets/Cybernetic Walrus/Factory Interior/Prefabs/Decals/Decal_Voltage_Prefab_01.prefab
  artifactKey: Guid(bd0d7d75a7176934eb7073891eb5fe28) Importer(815301076,1909f56bfc062723c751e8b465ee728b)
Start importing Assets/Cybernetic Walrus/Factory Interior/Prefabs/Decals/Decal_Voltage_Prefab_01.prefab using Guid(bd0d7d75a7176934eb7073891eb5fe28) Importer(815301076,1909f56bfc062723c751e8b465ee728b)  -> (artifact id: '443ce01a01dacd5d6a039a62671dcb52') in 0.019990 seconds 
========================================================================
Received Import Request.
  Time since last request: 0.000034 seconds.
  path: Assets/Cybernetic Walrus/Factory Interior/Prefabs/Decals/Decal_Warning_03_Prefab_01.prefab
  artifactKey: Guid(05a5605739335404dbd243c92a522109) Importer(815301076,1909f56bfc062723c751e8b465ee728b)
Start importing Assets/Cybernetic Walrus/Factory Interior/Prefabs/Decals/Decal_Warning_03_Prefab_01.prefab using Guid(05a5605739335404dbd243c92a522109) Importer(815301076,1909f56bfc062723c751e8b465ee728b)  -> (artifact id: 'e626f2e3c1874ea754559f5a8e99262f') in 0.020014 seconds 
========================================================================
Received Import Request.
  Time since last request: 0.000018 seconds.
  path: Assets/Cybernetic Walrus/Factory Interior/Prefabs/Decals/Decal_Exit_02_Prefab_01.prefab
  artifactKey: Guid(a869d39ca432a484d88d0014bc8d0d8a) Importer(815301076,1909f56bfc062723c751e8b465ee728b)
Start importing Assets/Cybernetic Walrus/Factory Interior/Prefabs/Decals/Decal_Exit_02_Prefab_01.prefab using Guid(a869d39ca432a484d88d0014bc8d0d8a) Importer(815301076,1909f56bfc062723c751e8b465ee728b)  -> (artifact id: '999a6fe667940f8623b711573d9e229a') in 0.019904 seconds 
========================================================================
Received Import Request.
  Time since last request: 0.000024 seconds.
  path: Assets/Cybernetic Walrus/Factory Interior/Prefabs/Decals/Decal_Stripe_03_20m_Prefab_01.prefab
  artifactKey: Guid(167d29010360de04997336185ca9ae7a) Importer(815301076,1909f56bfc062723c751e8b465ee728b)
Start importing Assets/Cybernetic Walrus/Factory Interior/Prefabs/Decals/Decal_Stripe_03_20m_Prefab_01.prefab using Guid(167d29010360de04997336185ca9ae7a) Importer(815301076,1909f56bfc062723c751e8b465ee728b)  -> (artifact id: 'f54ef91dc28c7191ee43e0dbe210d183') in 0.021073 seconds 
========================================================================
Received Import Request.
  Time since last request: 0.000017 seconds.
  path: Assets/Cybernetic Walrus/Factory Interior/Prefabs/Decals/Decal_Stripe_01_Corner_Prefab_01.prefab
  artifactKey: Guid(c8bfd4c5eb1c9c24494692b2e5fec091) Importer(815301076,1909f56bfc062723c751e8b465ee728b)
Start importing Assets/Cybernetic Walrus/Factory Interior/Prefabs/Decals/Decal_Stripe_01_Corner_Prefab_01.prefab using Guid(c8bfd4c5eb1c9c24494692b2e5fec091) Importer(815301076,1909f56bfc062723c751e8b465ee728b)  -> (artifact id: 'e687938673be56de7e86393b5175708e') in 0.019041 seconds 
========================================================================
Received Import Request.
  Time since last request: 0.000018 seconds.
  path: Assets/Cybernetic Walrus/Factory Interior/Prefabs/Decals/Decal_Vest_Prefab_01.prefab
  artifactKey: Guid(786e55243e9ee3141af4e08715f68646) Importer(815301076,1909f56bfc062723c751e8b465ee728b)
Start importing Assets/Cybernetic Walrus/Factory Interior/Prefabs/Decals/Decal_Vest_Prefab_01.prefab using Guid(786e55243e9ee3141af4e08715f68646) Importer(815301076,1909f56bfc062723c751e8b465ee728b)  -> (artifact id: '6a7664acc3501af2ff926896d489857f') in 0.020340 seconds 
========================================================================
Received Import Request.
  Time since last request: 0.000019 seconds.
  path: Assets/Cybernetic Walrus/Factory Interior/Prefabs/Decals/Decal_Fire_03_Prefab_01.prefab
  artifactKey: Guid(04c8d99f4a1aca9409a268f12c31b52e) Importer(815301076,1909f56bfc062723c751e8b465ee728b)
Start importing Assets/Cybernetic Walrus/Factory Interior/Prefabs/Decals/Decal_Fire_03_Prefab_01.prefab using Guid(04c8d99f4a1aca9409a268f12c31b52e) Importer(815301076,1909f56bfc062723c751e8b465ee728b)  -> (artifact id: 'bc25287697b8c3710133e4861fb398e3') in 0.018485 seconds 
========================================================================
Received Import Request.
  Time since last request: 0.000016 seconds.
  path: Assets/Cybernetic Walrus/Factory Interior/Prefabs/Decals/Decal_Smoking_Prefab_01.prefab
  artifactKey: Guid(496998a8c445f0a40929e51175dee836) Importer(815301076,1909f56bfc062723c751e8b465ee728b)
Start importing Assets/Cybernetic Walrus/Factory Interior/Prefabs/Decals/Decal_Smoking_Prefab_01.prefab using Guid(496998a8c445f0a40929e51175dee836) Importer(815301076,1909f56bfc062723c751e8b465ee728b)  -> (artifact id: 'fb2e1990722172d0fb9719f84609cedc') in 0.017996 seconds 
========================================================================
Received Import Request.
  Time since last request: 0.000019 seconds.
  path: Assets/Cybernetic Walrus/Factory Interior/Prefabs/Decals/Decal_Fire_02_Prefab_01.prefab
  artifactKey: Guid(23e15a2a77e2b9a4daf2ba2719c0727f) Importer(815301076,1909f56bfc062723c751e8b465ee728b)
Start importing Assets/Cybernetic Walrus/Factory Interior/Prefabs/Decals/Decal_Fire_02_Prefab_01.prefab using Guid(23e15a2a77e2b9a4daf2ba2719c0727f) Importer(815301076,1909f56bfc062723c751e8b465ee728b)  -> (artifact id: '6eb65d38768c49f1ba67fbe7b18435b7') in 0.019978 seconds 
========================================================================
Received Import Request.
  Time since last request: 0.000017 seconds.
  path: Assets/Cybernetic Walrus/Factory Interior/Prefabs/Decals/Decal_Stripe_01_5m_Prefab_01.prefab
  artifactKey: Guid(375e63af80f359440b260274d154124f) Importer(815301076,1909f56bfc062723c751e8b465ee728b)
Start importing Assets/Cybernetic Walrus/Factory Interior/Prefabs/Decals/Decal_Stripe_01_5m_Prefab_01.prefab using Guid(375e63af80f359440b260274d154124f) Importer(815301076,1909f56bfc062723c751e8b465ee728b)  -> (artifact id: 'a32822af0876712d05140426aac72f38') in 0.020265 seconds 
========================================================================
Received Import Request.
  Time since last request: 0.000024 seconds.
  path: Assets/Cybernetic Walrus/Factory Interior/Prefabs/Decals/Decal_Fire_01_Prefab_01.prefab
  artifactKey: Guid(ac68d5b9c8340cc47a33132ce6b6dd9b) Importer(815301076,1909f56bfc062723c751e8b465ee728b)
Start importing Assets/Cybernetic Walrus/Factory Interior/Prefabs/Decals/Decal_Fire_01_Prefab_01.prefab using Guid(ac68d5b9c8340cc47a33132ce6b6dd9b) Importer(815301076,1909f56bfc062723c751e8b465ee728b)  -> (artifact id: '0a91a4626e0e808a822b178a83eaae27') in 0.020993 seconds 
========================================================================
Received Import Request.
  Time since last request: 0.000025 seconds.
  path: Assets/Cybernetic Walrus/Factory Interior/Prefabs/Decals/Decal_Stripe_03_5m_Prefab_01.prefab
  artifactKey: Guid(735171d804e991340b7a50e73fd29ce2) Importer(815301076,1909f56bfc062723c751e8b465ee728b)
Start importing Assets/Cybernetic Walrus/Factory Interior/Prefabs/Decals/Decal_Stripe_03_5m_Prefab_01.prefab using Guid(735171d804e991340b7a50e73fd29ce2) Importer(815301076,1909f56bfc062723c751e8b465ee728b)  -> (artifact id: '04b75f8cf205b5847d640e9592c8895c') in 0.019182 seconds 
Editor requested this worker to shutdown with reason: Scaling down because of idle timeout
AssetImportWorker is now disconnected from the server
Process exiting
Exiting without the bug reporter. Application will terminate with return code 0