Using pre-set license
Built from '2021.3/staging' branch; Version is '2021.3.11f1 (0a5ca18544bf) revision 679073'; Using compiler version '192829333'; Build Type 'Release'
OS: 'Windows 10  (10.0.19045) 64bit Professional' Language: 'en' Physical Memory: 32509 MB
BatchMode: 1, IsHumanControllingUs: 0, StartBugReporterOnCrash: 0, Is64bit: 1, IsPro: 1

COMMAND LINE ARGUMENTS:
C:\Program Files\Unity\Hub\Editor\2021.3.11f1\Editor\Unity.exe
-adb2
-batchMode
-noUpm
-name
AssetImportWorker1
-projectPath
C:/Users/Rishi/Downloads/Project 7
-logFile
Logs/AssetImportWorker1.log
-srvPort
61482
Successfully changed project path to: C:/Users/Rishi/Downloads/Project 7
C:/Users/Rishi/Downloads/Project 7
[UnityMemory] Configuration Parameters - Can be set up in boot.config
    "memorysetup-bucket-allocator-granularity=16"
    "memorysetup-bucket-allocator-bucket-count=8"
    "memorysetup-bucket-allocator-block-size=33554432"
    "memorysetup-bucket-allocator-block-count=8"
    "memorysetup-main-allocator-block-size=16777216"
    "memorysetup-thread-allocator-block-size=16777216"
    "memorysetup-gfx-main-allocator-block-size=16777216"
    "memorysetup-gfx-thread-allocator-block-size=16777216"
    "memorysetup-cache-allocator-block-size=4194304"
    "memorysetup-typetree-allocator-block-size=2097152"
    "memorysetup-profiler-bucket-allocator-granularity=16"
    "memorysetup-profiler-bucket-allocator-bucket-count=8"
    "memorysetup-profiler-bucket-allocator-block-size=33554432"
    "memorysetup-profiler-bucket-allocator-block-count=8"
    "memorysetup-profiler-allocator-block-size=16777216"
    "memorysetup-profiler-editor-allocator-block-size=1048576"
    "memorysetup-temp-allocator-size-main=16777216"
    "memorysetup-job-temp-allocator-block-size=2097152"
    "memorysetup-job-temp-allocator-block-size-background=1048576"
    "memorysetup-job-temp-allocator-reduction-small-platforms=262144"
    "memorysetup-temp-allocator-size-background-worker=32768"
    "memorysetup-temp-allocator-size-job-worker=262144"
    "memorysetup-temp-allocator-size-preload-manager=33554432"
    "memorysetup-temp-allocator-size-nav-mesh-worker=65536"
    "memorysetup-temp-allocator-size-audio-worker=65536"
    "memorysetup-temp-allocator-size-cloud-worker=32768"
    "memorysetup-temp-allocator-size-gi-baking-worker=262144"
    "memorysetup-temp-allocator-size-gfx=262144"
Refreshing native plugins compatible for Editor in 91.88 ms, found 3 plugins.
Preloading 0 native plugins for Editor in 0.00 ms.
Initialize engine version: 2021.3.11f1 (0a5ca18544bf)
[Subsystems] Discovering subsystems at path C:/Program Files/Unity/Hub/Editor/2021.3.11f1/Editor/Data/Resources/UnitySubsystems
[Subsystems] Discovering subsystems at path C:/Users/Rishi/Downloads/Project 7/Assets
GfxDevice: creating device client; threaded=0; jobified=0
Direct3D:
    Version:  Direct3D 11.0 [level 11.1]
    Renderer: NVIDIA GeForce RTX 3090 Ti (ID=0x2203)
    Vendor:   NVIDIA
    VRAM:     24327 MB
    Driver:   31.0.15.3667
Initialize mono
Mono path[0] = 'C:/Program Files/Unity/Hub/Editor/2021.3.11f1/Editor/Data/Managed'
Mono path[1] = 'C:/Program Files/Unity/Hub/Editor/2021.3.11f1/Editor/Data/MonoBleedingEdge/lib/mono/unityjit-win32'
Mono config path = 'C:/Program Files/Unity/Hub/Editor/2021.3.11f1/Editor/Data/MonoBleedingEdge/etc'
Using monoOptions --debugger-agent=transport=dt_socket,embedding=1,server=y,suspend=n,address=127.0.0.1:56672
Begin MonoManager ReloadAssembly
Registering precompiled unity dll's ...
Register platform support module: C:/Program Files/Unity/Hub/Editor/2021.3.11f1/Editor/Data/PlaybackEngines/MacStandaloneSupport/UnityEditor.OSXStandalone.Extensions.dll
Register platform support module: C:/Program Files/Unity/Hub/Editor/2021.3.11f1/Editor/Data/PlaybackEngines/WindowsStandaloneSupport/UnityEditor.WindowsStandalone.Extensions.dll
Register platform support module: C:/Program Files/Unity/Hub/Editor/2021.3.11f1/Editor/Data/PlaybackEngines/MetroSupport/UnityEditor.UWP.Extensions.dll
Registered in 0.011793 seconds.
Native extension for UWP target not found
Native extension for WindowsStandalone target not found
Native extension for OSXStandalone target not found
Refreshing native plugins compatible for Editor in 90.18 ms, found 3 plugins.
Preloading 0 native plugins for Editor in 0.00 ms.
Mono: successfully reloaded assembly
- Completed reload, in  0.693 seconds
Domain Reload Profiling:
	ReloadAssembly (694ms)
		BeginReloadAssembly (56ms)
			ExecutionOrderSort (0ms)
			DisableScriptedObjects (0ms)
			BackupInstance (0ms)
			ReleaseScriptingObjects (0ms)
			CreateAndSetChildDomain (0ms)
		EndReloadAssembly (513ms)
			LoadAssemblies (56ms)
			RebuildTransferFunctionScriptingTraits (0ms)
			SetupTypeCache (103ms)
			ReleaseScriptCaches (0ms)
			RebuildScriptCaches (28ms)
			SetupLoadedEditorAssemblies (322ms)
				LogAssemblyErrors (0ms)
				InitializePlatformSupportModulesInManaged (16ms)
				SetLoadedEditorAssemblies (0ms)
				RefreshPlugins (90ms)
				BeforeProcessingInitializeOnLoad (1ms)
				ProcessInitializeOnLoadAttributes (165ms)
				ProcessInitializeOnLoadMethodAttributes (50ms)
				AfterProcessingInitializeOnLoad (0ms)
				EditorAssembliesLoaded (0ms)
			ExecutionOrderSort2 (0ms)
			AwakeInstancesAfterBackupRestoration (0ms)
Platform modules already initialized, skipping
Registering precompiled user dll's ...
Registered in 0.008258 seconds.
Begin MonoManager ReloadAssembly
Symbol file LoadedFromMemory doesn't match image C:\Users\Rishi\Downloads\Project 7\Library\PackageCache\com.unity.visualscripting@1.7.8\Editor\VisualScripting.Core\Dependencies\YamlDotNet\Unity.VisualScripting.YamlDotNet.dll
Symbol file LoadedFromMemory doesn't match image C:\Users\Rishi\Downloads\Project 7\Library\PackageCache\com.unity.visualscripting@1.7.8\Editor\VisualScripting.Core\Dependencies\DotNetZip\Unity.VisualScripting.IonicZip.dll
Native extension for UWP target not found
Native extension for WindowsStandalone target not found
Native extension for OSXStandalone target not found
Refreshing native plugins compatible for Editor in 0.55 ms, found 3 plugins.
Preloading 0 native plugins for Editor in 0.00 ms.
Mono: successfully reloaded assembly
- Completed reload, in  1.024 seconds
Domain Reload Profiling:
	ReloadAssembly (1025ms)
		BeginReloadAssembly (112ms)
			ExecutionOrderSort (0ms)
			DisableScriptedObjects (7ms)
			BackupInstance (0ms)
			ReleaseScriptingObjects (0ms)
			CreateAndSetChildDomain (17ms)
		EndReloadAssembly (796ms)
			LoadAssemblies (85ms)
			RebuildTransferFunctionScriptingTraits (0ms)
			SetupTypeCache (239ms)
			ReleaseScriptCaches (0ms)
			RebuildScriptCaches (50ms)
			SetupLoadedEditorAssemblies (385ms)
				LogAssemblyErrors (0ms)
				InitializePlatformSupportModulesInManaged (11ms)
				SetLoadedEditorAssemblies (0ms)
				RefreshPlugins (1ms)
				BeforeProcessingInitializeOnLoad (89ms)
				ProcessInitializeOnLoadAttributes (246ms)
				ProcessInitializeOnLoadMethodAttributes (28ms)
				AfterProcessingInitializeOnLoad (9ms)
				EditorAssembliesLoaded (0ms)
			ExecutionOrderSort2 (0ms)
			AwakeInstancesAfterBackupRestoration (6ms)
Platform modules already initialized, skipping
========================================================================
Worker process is ready to serve import requests
Launched and connected shader compiler UnityShaderCompiler.exe after 0.04 seconds
Refreshing native plugins compatible for Editor in 0.57 ms, found 3 plugins.
Preloading 0 native plugins for Editor in 0.00 ms.
Unloading 3568 Unused Serialized files (Serialized files now loaded: 0)
Unloading 39 unused Assets / (1.3 MB). Loaded Objects now: 4023.
Memory consumption went from 135.7 MB to 134.4 MB.
Total: 3.191800 ms (FindLiveObjects: 0.375400 ms CreateObjectMapping: 0.116300 ms MarkObjects: 2.460200 ms  DeleteObjects: 0.238500 ms)

AssetImportParameters requested are different than current active one (requested -> active):
  custom:video-decoder-ogg-theora: a1e56fd34408186e4bbccfd4996cb3dc -> 
  custom:container-muxer-webm: aa71ff27fc2769a1b78a27578f13a17b -> 
  custom:container-demuxer-webm: 4f35f7cbe854078d1ac9338744f61a02 -> 
  custom:video-encoder-webm-vp8: eb34c28f22e8b96e1ab97ce403110664 -> 
  custom:audio-encoder-webm-vorbis: bf7c407c2cedff20999df2af8eb42d56 -> 
  custom:framework-win-MediaFoundation: 216162199b28c13a410421893ffa2e32 -> 
  custom:container-demuxer-ogg: 62fdf1f143b41e24485cea50d1cbac27 -> 
  custom:video-decoder-webm-vp8: 9c59270c3fd7afecdb556c50c9e8de78 -> 
  custom:audio-decoder-ogg-vorbis: bf7c407c2cedff20999df2af8eb42d56 -> 
========================================================================
Received Import Request.
  Time since last request: 452969.373487 seconds.
  path: Assets/QuickOutline/Readme.txt
  artifactKey: Guid(5933bfd39d7a5b843a0ed821f85bca19) Importer(815301076,1909f56bfc062723c751e8b465ee728b)
Start importing Assets/QuickOutline/Readme.txt using Guid(5933bfd39d7a5b843a0ed821f85bca19) Importer(815301076,1909f56bfc062723c751e8b465ee728b)  -> (artifact id: '6d21514ebf403b30135ca05a4e0bfec7') in 0.040822 seconds 
========================================================================
Received Import Request.
  Time since last request: 110.662326 seconds.
  path: Assets/IndieMarc/EnemyVision/Materials/Wall.mat
  artifactKey: Guid(55374878989ddae4eb264f84e2b34f1c) Importer(815301076,1909f56bfc062723c751e8b465ee728b)
Start importing Assets/IndieMarc/EnemyVision/Materials/Wall.mat using Guid(55374878989ddae4eb264f84e2b34f1c) Importer(815301076,1909f56bfc062723c751e8b465ee728b)  -> (artifact id: '9438089f4d231f8006025f8dcac9ffe2') in 0.093857 seconds 
========================================================================
Received Prepare
Registering precompiled user dll's ...
Registered in 0.007540 seconds.
Begin MonoManager ReloadAssembly
Symbol file LoadedFromMemory doesn't match image C:\Users\Rishi\Downloads\Project 7\Library\PackageCache\com.unity.visualscripting@1.7.8\Editor\VisualScripting.Core\Dependencies\YamlDotNet\Unity.VisualScripting.YamlDotNet.dll
Symbol file LoadedFromMemory doesn't match image C:\Users\Rishi\Downloads\Project 7\Library\PackageCache\com.unity.visualscripting@1.7.8\Editor\VisualScripting.Core\Dependencies\DotNetZip\Unity.VisualScripting.IonicZip.dll
Native extension for UWP target not found
Native extension for WindowsStandalone target not found
Native extension for OSXStandalone target not found
Refreshing native plugins compatible for Editor in 0.60 ms, found 3 plugins.
Preloading 0 native plugins for Editor in 0.00 ms.
Mono: successfully reloaded assembly
- Completed reload, in  1.057 seconds
Domain Reload Profiling:
	ReloadAssembly (1058ms)
		BeginReloadAssembly (129ms)
			ExecutionOrderSort (0ms)
			DisableScriptedObjects (5ms)
			BackupInstance (0ms)
			ReleaseScriptingObjects (0ms)
			CreateAndSetChildDomain (30ms)
		EndReloadAssembly (818ms)
			LoadAssemblies (87ms)
			RebuildTransferFunctionScriptingTraits (0ms)
			SetupTypeCache (264ms)
			ReleaseScriptCaches (1ms)
			RebuildScriptCaches (43ms)
			SetupLoadedEditorAssemblies (376ms)
				LogAssemblyErrors (0ms)
				InitializePlatformSupportModulesInManaged (21ms)
				SetLoadedEditorAssemblies (1ms)
				RefreshPlugins (1ms)
				BeforeProcessingInitializeOnLoad (76ms)
				ProcessInitializeOnLoadAttributes (235ms)
				ProcessInitializeOnLoadMethodAttributes (31ms)
				AfterProcessingInitializeOnLoad (11ms)
				EditorAssembliesLoaded (0ms)
			ExecutionOrderSort2 (0ms)
			AwakeInstancesAfterBackupRestoration (7ms)
Platform modules already initialized, skipping
Refreshing native plugins compatible for Editor in 2.21 ms, found 3 plugins.
Preloading 0 native plugins for Editor in 0.00 ms.
Unloading 3520 Unused Serialized files (Serialized files now loaded: 0)
Unloading 32 unused Assets / (1.3 MB). Loaded Objects now: 4067.
Memory consumption went from 135.8 MB to 134.5 MB.
Total: 2.906700 ms (FindLiveObjects: 0.334200 ms CreateObjectMapping: 0.142000 ms MarkObjects: 2.223400 ms  DeleteObjects: 0.206000 ms)

AssetImportParameters requested are different than current active one (requested -> active):
  custom:video-decoder-ogg-theora: a1e56fd34408186e4bbccfd4996cb3dc -> 
  custom:container-muxer-webm: aa71ff27fc2769a1b78a27578f13a17b -> 
  custom:container-demuxer-webm: 4f35f7cbe854078d1ac9338744f61a02 -> 
  custom:video-encoder-webm-vp8: eb34c28f22e8b96e1ab97ce403110664 -> 
  custom:audio-encoder-webm-vorbis: bf7c407c2cedff20999df2af8eb42d56 -> 
  custom:framework-win-MediaFoundation: 216162199b28c13a410421893ffa2e32 -> 
  custom:container-demuxer-ogg: 62fdf1f143b41e24485cea50d1cbac27 -> 
  custom:video-decoder-webm-vp8: 9c59270c3fd7afecdb556c50c9e8de78 -> 
  custom:audio-decoder-ogg-vorbis: bf7c407c2cedff20999df2af8eb42d56 -> 
========================================================================
Received Import Request.
  Time since last request: 486.120453 seconds.
  path: Assets/Cybernetic Walrus/Factory Interior/Prefabs/Decals/Decal_Exit_01_Prefab_01.prefab
  artifactKey: Guid(6984f1d52646a324a957fd1636eb12cb) Importer(815301076,1909f56bfc062723c751e8b465ee728b)
Start importing Assets/Cybernetic Walrus/Factory Interior/Prefabs/Decals/Decal_Exit_01_Prefab_01.prefab using Guid(6984f1d52646a324a957fd1636eb12cb) Importer(815301076,1909f56bfc062723c751e8b465ee728b)  -> (artifact id: 'f69732647206ac4c95e8020a403b45fb') in 0.138904 seconds 
========================================================================
Received Import Request.
  Time since last request: 0.000021 seconds.
  path: Assets/Cybernetic Walrus/Factory Interior/Prefabs/Decals/Decal_Stripe_03_10m_Prefab_01.prefab
  artifactKey: Guid(14446459fda11e94fa92224389216c4d) Importer(815301076,1909f56bfc062723c751e8b465ee728b)
Start importing Assets/Cybernetic Walrus/Factory Interior/Prefabs/Decals/Decal_Stripe_03_10m_Prefab_01.prefab using Guid(14446459fda11e94fa92224389216c4d) Importer(815301076,1909f56bfc062723c751e8b465ee728b)  -> (artifact id: 'a32f6f5e32f283a54a51a6c89c414fa0') in 0.020125 seconds 
========================================================================
Received Import Request.
  Time since last request: 0.000042 seconds.
  path: Assets/Cybernetic Walrus/Factory Interior/Prefabs/Decals/Decal_Warning_02_Prefab_01.prefab
  artifactKey: Guid(2d2d03ef00874c94199009f2019dbb95) Importer(815301076,1909f56bfc062723c751e8b465ee728b)
Start importing Assets/Cybernetic Walrus/Factory Interior/Prefabs/Decals/Decal_Warning_02_Prefab_01.prefab using Guid(2d2d03ef00874c94199009f2019dbb95) Importer(815301076,1909f56bfc062723c751e8b465ee728b)  -> (artifact id: '9b31057b5b9dc9c6334d1bac83ca11b6') in 0.019288 seconds 
========================================================================
Received Import Request.
  Time since last request: 0.000018 seconds.
  path: Assets/Cybernetic Walrus/Factory Interior/Prefabs/Decals/Decal_Stripe_01_10m_Prefab_01.prefab
  artifactKey: Guid(c32b0e3f69b9c2041869fc59e840063f) Importer(815301076,1909f56bfc062723c751e8b465ee728b)
Start importing Assets/Cybernetic Walrus/Factory Interior/Prefabs/Decals/Decal_Stripe_01_10m_Prefab_01.prefab using Guid(c32b0e3f69b9c2041869fc59e840063f) Importer(815301076,1909f56bfc062723c751e8b465ee728b)  -> (artifact id: '9d26af4aa0d9b5087d6194ebf45b0cf1') in 0.019400 seconds 
========================================================================
Received Import Request.
  Time since last request: 0.000022 seconds.
  path: Assets/Cybernetic Walrus/Factory Interior/Prefabs/Decals/Decal_Stripe_02_5m_Prefab_01.prefab
  artifactKey: Guid(2732753a1c318d042b6ab205476622be) Importer(815301076,1909f56bfc062723c751e8b465ee728b)
Start importing Assets/Cybernetic Walrus/Factory Interior/Prefabs/Decals/Decal_Stripe_02_5m_Prefab_01.prefab using Guid(2732753a1c318d042b6ab205476622be) Importer(815301076,1909f56bfc062723c751e8b465ee728b)  -> (artifact id: 'b6a048b8130b4994d138194d87336b99') in 0.020035 seconds 
========================================================================
Received Import Request.
  Time since last request: 0.000019 seconds.
  path: Assets/Cybernetic Walrus/Factory Interior/Prefabs/Decals/Decal_Hardhat_Prefab_01.prefab
  artifactKey: Guid(4ae69a9f3c7d5f64683b031b0ab8c8b5) Importer(815301076,1909f56bfc062723c751e8b465ee728b)
Start importing Assets/Cybernetic Walrus/Factory Interior/Prefabs/Decals/Decal_Hardhat_Prefab_01.prefab using Guid(4ae69a9f3c7d5f64683b031b0ab8c8b5) Importer(815301076,1909f56bfc062723c751e8b465ee728b)  -> (artifact id: '97372a370a3ba2b8e4b71432eef99f65') in 0.018946 seconds 
========================================================================
Received Import Request.
  Time since last request: 0.000019 seconds.
  path: Assets/Cybernetic Walrus/Factory Interior/Prefabs/Decals/Decal_Stripe_03_Corner_Prefab_01.prefab
  artifactKey: Guid(d6d6e636a456c4d4bb9739b319c4a8fa) Importer(815301076,1909f56bfc062723c751e8b465ee728b)
Start importing Assets/Cybernetic Walrus/Factory Interior/Prefabs/Decals/Decal_Stripe_03_Corner_Prefab_01.prefab using Guid(d6d6e636a456c4d4bb9739b319c4a8fa) Importer(815301076,1909f56bfc062723c751e8b465ee728b)  -> (artifact id: '5259431333ff565b60da4f8ea7ed65ec') in 0.019511 seconds 
========================================================================
Received Import Request.
  Time since last request: 0.000019 seconds.
  path: Assets/Cybernetic Walrus/Factory Interior/Prefabs/Decals/Decal_Shoes_Prefab_01.prefab
  artifactKey: Guid(ee1c70871389e7c4eb19b283bf74cf21) Importer(815301076,1909f56bfc062723c751e8b465ee728b)
Start importing Assets/Cybernetic Walrus/Factory Interior/Prefabs/Decals/Decal_Shoes_Prefab_01.prefab using Guid(ee1c70871389e7c4eb19b283bf74cf21) Importer(815301076,1909f56bfc062723c751e8b465ee728b)  -> (artifact id: '494edf7c4ad3651a49c74ed3a3f9eb7c') in 0.018294 seconds 
========================================================================
Received Import Request.
  Time since last request: 0.000020 seconds.
  path: Assets/Cybernetic Walrus/Factory Interior/Prefabs/Decals/Decal_Stripe_01_20m_Prefab_01.prefab
  artifactKey: Guid(aef48c88cb6ff5842ac07071b86c3de8) Importer(815301076,1909f56bfc062723c751e8b465ee728b)
Start importing Assets/Cybernetic Walrus/Factory Interior/Prefabs/Decals/Decal_Stripe_01_20m_Prefab_01.prefab using Guid(aef48c88cb6ff5842ac07071b86c3de8) Importer(815301076,1909f56bfc062723c751e8b465ee728b)  -> (artifact id: 'b5ad6529f1e9ecd32b3e388d2ca6e64c') in 0.017154 seconds 
========================================================================
Received Import Request.
  Time since last request: 0.000019 seconds.
  path: Assets/Cybernetic Walrus/Factory Interior/Prefabs/Decals/Decal_Stripe_02_10m_Prefab_01.prefab
  artifactKey: Guid(d8e76f03f4fe8b740960497b0e5d1f02) Importer(815301076,1909f56bfc062723c751e8b465ee728b)
Start importing Assets/Cybernetic Walrus/Factory Interior/Prefabs/Decals/Decal_Stripe_02_10m_Prefab_01.prefab using Guid(d8e76f03f4fe8b740960497b0e5d1f02) Importer(815301076,1909f56bfc062723c751e8b465ee728b)  -> (artifact id: '9106eb14865654de41178ed11f6c78f0') in 0.018936 seconds 
========================================================================
Received Import Request.
  Time since last request: 0.000016 seconds.
  path: Assets/Cybernetic Walrus/Factory Interior/Prefabs/Decals/Decal_Warning_01_Prefab_01.prefab
  artifactKey: Guid(7f7c2147b6636154b9c7baa1ecc75d07) Importer(815301076,1909f56bfc062723c751e8b465ee728b)
Start importing Assets/Cybernetic Walrus/Factory Interior/Prefabs/Decals/Decal_Warning_01_Prefab_01.prefab using Guid(7f7c2147b6636154b9c7baa1ecc75d07) Importer(815301076,1909f56bfc062723c751e8b465ee728b)  -> (artifact id: '2b5f3fed07245e8b4ee65882cdcef174') in 0.020786 seconds 
========================================================================
Received Import Request.
  Time since last request: 0.000019 seconds.
  path: Assets/Cybernetic Walrus/Factory Interior/Prefabs/Decals/Decal_Stripe_02_20m_Prefab_01.prefab
  artifactKey: Guid(c1d27dd2a4b22174fa0df02099193b97) Importer(815301076,1909f56bfc062723c751e8b465ee728b)
Start importing Assets/Cybernetic Walrus/Factory Interior/Prefabs/Decals/Decal_Stripe_02_20m_Prefab_01.prefab using Guid(c1d27dd2a4b22174fa0df02099193b97) Importer(815301076,1909f56bfc062723c751e8b465ee728b)  -> (artifact id: '5755d3ba4f7c038835465cb7f8d6702f') in 0.018936 seconds 
========================================================================
Received Import Request.
  Time since last request: 0.000027 seconds.
  path: Assets/Cybernetic Walrus/Factory Interior/Prefabs/Decals/Decal_Stripe_02_Corner_Prefab_01.prefab
  artifactKey: Guid(ec558ae7b235c734d8b40fd18dcfbdc7) Importer(815301076,1909f56bfc062723c751e8b465ee728b)
Start importing Assets/Cybernetic Walrus/Factory Interior/Prefabs/Decals/Decal_Stripe_02_Corner_Prefab_01.prefab using Guid(ec558ae7b235c734d8b40fd18dcfbdc7) Importer(815301076,1909f56bfc062723c751e8b465ee728b)  -> (artifact id: 'fafeb58dd51be43f30fdfd58027d225e') in 0.019884 seconds 
Editor requested this worker to shutdown with reason: Scaling down because of idle timeout
AssetImportWorker is now disconnected from the server
Process exiting
Exiting without the bug reporter. Application will terminate with return code 0