Using pre-set license
Built from '2021.3/staging' branch; Version is '2021.3.11f1 (0a5ca18544bf) revision 679073'; Using compiler version '192829333'; Build Type 'Release'
OS: 'Windows 11  (10.0.22621) 64bit Core' Language: 'en' Physical Memory: 16108 MB
BatchMode: 1, IsHumanControllingUs: 0, StartBugReporterOnCrash: 0, Is64bit: 1, IsPro: 1

COMMAND LINE ARGUMENTS:
C:\Program Files\Unity 2021.3.11f1\Editor\Unity.exe
-adb2
-batchMode
-noUpm
-name
AssetImportWorker0
-projectPath
C:/projects/Project 4
-logFile
Logs/AssetImportWorker0.log
-srvPort
49576
Successfully changed project path to: C:/projects/Project 4
C:/projects/Project 4
[UnityMemory] Configuration Parameters - Can be set up in boot.config
    "memorysetup-bucket-allocator-granularity=16"
    "memorysetup-bucket-allocator-bucket-count=8"
    "memorysetup-bucket-allocator-block-size=33554432"
    "memorysetup-bucket-allocator-block-count=8"
    "memorysetup-main-allocator-block-size=16777216"
    "memorysetup-thread-allocator-block-size=16777216"
    "memorysetup-gfx-main-allocator-block-size=16777216"
    "memorysetup-gfx-thread-allocator-block-size=16777216"
    "memorysetup-cache-allocator-block-size=4194304"
    "memorysetup-typetree-allocator-block-size=2097152"
    "memorysetup-profiler-bucket-allocator-granularity=16"
    "memorysetup-profiler-bucket-allocator-bucket-count=8"
    "memorysetup-profiler-bucket-allocator-block-size=33554432"
    "memorysetup-profiler-bucket-allocator-block-count=8"
    "memorysetup-profiler-allocator-block-size=16777216"
    "memorysetup-profiler-editor-allocator-block-size=1048576"
    "memorysetup-temp-allocator-size-main=16777216"
    "memorysetup-job-temp-allocator-block-size=2097152"
    "memorysetup-job-temp-allocator-block-size-background=1048576"
    "memorysetup-job-temp-allocator-reduction-small-platforms=262144"
    "memorysetup-temp-allocator-size-background-worker=32768"
    "memorysetup-temp-allocator-size-job-worker=262144"
    "memorysetup-temp-allocator-size-preload-manager=33554432"
    "memorysetup-temp-allocator-size-nav-mesh-worker=65536"
    "memorysetup-temp-allocator-size-audio-worker=65536"
    "memorysetup-temp-allocator-size-cloud-worker=32768"
    "memorysetup-temp-allocator-size-gi-baking-worker=262144"
    "memorysetup-temp-allocator-size-gfx=262144"
Refreshing native plugins compatible for Editor in 64.09 ms, found 3 plugins.
Preloading 0 native plugins for Editor in 0.00 ms.
Initialize engine version: 2021.3.11f1 (0a5ca18544bf)
[Subsystems] Discovering subsystems at path C:/Program Files/Unity 2021.3.11f1/Editor/Data/Resources/UnitySubsystems
[Subsystems] Discovering subsystems at path C:/projects/Project 4/Assets
GfxDevice: creating device client; threaded=0; jobified=0
Direct3D:
    Version:  Direct3D 11.0 [level 11.1]
    Renderer: NVIDIA GeForce RTX 3070 Ti Laptop GPU (ID=0x24e0)
    Vendor:   NVIDIA
    VRAM:     8032 MB
    Driver:   31.0.15.2799
Initialize mono
Mono path[0] = 'C:/Program Files/Unity 2021.3.11f1/Editor/Data/Managed'
Mono path[1] = 'C:/Program Files/Unity 2021.3.11f1/Editor/Data/MonoBleedingEdge/lib/mono/unityjit-win32'
Mono config path = 'C:/Program Files/Unity 2021.3.11f1/Editor/Data/MonoBleedingEdge/etc'
Using monoOptions --debugger-agent=transport=dt_socket,embedding=1,server=y,suspend=n,address=127.0.0.1:56052
Begin MonoManager ReloadAssembly
Registering precompiled unity dll's ...
Register platform support module: C:/Program Files/Unity 2021.3.11f1/Editor/Data/PlaybackEngines/WebGLSupport/UnityEditor.WebGL.Extensions.dll
Register platform support module: C:/Program Files/Unity 2021.3.11f1/Editor/Data/PlaybackEngines/WindowsStandaloneSupport/UnityEditor.WindowsStandalone.Extensions.dll
Registered in 0.003203 seconds.
Native extension for WindowsStandalone target not found
Native extension for WebGL target not found
Refreshing native plugins compatible for Editor in 55.25 ms, found 3 plugins.
Preloading 0 native plugins for Editor in 0.00 ms.
Mono: successfully reloaded assembly
- Completed reload, in  0.605 seconds
Domain Reload Profiling:
	ReloadAssembly (605ms)
		BeginReloadAssembly (95ms)
			ExecutionOrderSort (0ms)
			DisableScriptedObjects (0ms)
			BackupInstance (0ms)
			ReleaseScriptingObjects (0ms)
			CreateAndSetChildDomain (1ms)
		EndReloadAssembly (412ms)
			LoadAssemblies (93ms)
			RebuildTransferFunctionScriptingTraits (0ms)
			SetupTypeCache (116ms)
			ReleaseScriptCaches (0ms)
			RebuildScriptCaches (24ms)
			SetupLoadedEditorAssemblies (227ms)
				LogAssemblyErrors (0ms)
				InitializePlatformSupportModulesInManaged (8ms)
				SetLoadedEditorAssemblies (0ms)
				RefreshPlugins (55ms)
				BeforeProcessingInitializeOnLoad (1ms)
				ProcessInitializeOnLoadAttributes (124ms)
				ProcessInitializeOnLoadMethodAttributes (38ms)
				AfterProcessingInitializeOnLoad (0ms)
				EditorAssembliesLoaded (0ms)
			ExecutionOrderSort2 (0ms)
			AwakeInstancesAfterBackupRestoration (0ms)
Platform modules already initialized, skipping
Registering precompiled user dll's ...
Registered in 0.004128 seconds.
Begin MonoManager ReloadAssembly
Symbol file LoadedFromMemory doesn't match image C:\projects\Project 4\Library\PackageCache\com.unity.visualscripting@1.7.8\Editor\VisualScripting.Core\Dependencies\YamlDotNet\Unity.VisualScripting.YamlDotNet.dll
Symbol file LoadedFromMemory doesn't match image C:\projects\Project 4\Library\PackageCache\com.unity.visualscripting@1.7.8\Editor\VisualScripting.Core\Dependencies\DotNetZip\Unity.VisualScripting.IonicZip.dll
Native extension for WindowsStandalone target not found
Native extension for WebGL target not found
Refreshing native plugins compatible for Editor in 0.51 ms, found 3 plugins.
Preloading 0 native plugins for Editor in 0.00 ms.
Mono: successfully reloaded assembly
- Completed reload, in  0.954 seconds
Domain Reload Profiling:
	ReloadAssembly (954ms)
		BeginReloadAssembly (85ms)
			ExecutionOrderSort (0ms)
			DisableScriptedObjects (4ms)
			BackupInstance (0ms)
			ReleaseScriptingObjects (0ms)
			CreateAndSetChildDomain (15ms)
		EndReloadAssembly (787ms)
			LoadAssemblies (64ms)
			RebuildTransferFunctionScriptingTraits (0ms)
			SetupTypeCache (319ms)
			ReleaseScriptCaches (0ms)
			RebuildScriptCaches (46ms)
			SetupLoadedEditorAssemblies (308ms)
				LogAssemblyErrors (0ms)
				InitializePlatformSupportModulesInManaged (6ms)
				SetLoadedEditorAssemblies (1ms)
				RefreshPlugins (1ms)
				BeforeProcessingInitializeOnLoad (64ms)
				ProcessInitializeOnLoadAttributes (208ms)
				ProcessInitializeOnLoadMethodAttributes (23ms)
				AfterProcessingInitializeOnLoad (5ms)
				EditorAssembliesLoaded (0ms)
			ExecutionOrderSort2 (0ms)
			AwakeInstancesAfterBackupRestoration (5ms)
Platform modules already initialized, skipping
========================================================================
Worker process is ready to serve import requests
Launched and connected shader compiler UnityShaderCompiler.exe after 0.07 seconds
Refreshing native plugins compatible for Editor in 0.69 ms, found 3 plugins.
Preloading 0 native plugins for Editor in 0.00 ms.
Unloading 3387 Unused Serialized files (Serialized files now loaded: 0)
Unloading 27 unused Assets / (113.6 KB). Loaded Objects now: 3852.
Memory consumption went from 119.2 MB to 119.1 MB.
Total: 3.000200 ms (FindLiveObjects: 0.185900 ms CreateObjectMapping: 0.081800 ms MarkObjects: 2.632900 ms  DeleteObjects: 0.098600 ms)

AssetImportParameters requested are different than current active one (requested -> active):
  custom:video-decoder-ogg-theora: a1e56fd34408186e4bbccfd4996cb3dc -> 
  custom:container-muxer-webm: aa71ff27fc2769a1b78a27578f13a17b -> 
  custom:container-demuxer-webm: 4f35f7cbe854078d1ac9338744f61a02 -> 
  custom:video-encoder-webm-vp8: eb34c28f22e8b96e1ab97ce403110664 -> 
  custom:video-codec-MediaFoundation-h265: 746d11721c4dcdbdad8f713fa42b33f4 -> 
  custom:audio-encoder-webm-vorbis: bf7c407c2cedff20999df2af8eb42d56 -> 
  custom:framework-win-MediaFoundation: 216162199b28c13a410421893ffa2e32 -> 
  custom:container-demuxer-ogg: 62fdf1f143b41e24485cea50d1cbac27 -> 
  custom:video-decoder-webm-vp8: 9c59270c3fd7afecdb556c50c9e8de78 -> 
  custom:audio-decoder-ogg-vorbis: bf7c407c2cedff20999df2af8eb42d56 -> 
========================================================================
Received Import Request.
  Time since last request: 428107.245044 seconds.
  path: Assets/Horrors_Props/Corpse/Animation/Сorpse@Dead.FBX
  artifactKey: Guid(63896dc84805b2c489d6ecfc94caebdf) Importer(815301076,1909f56bfc062723c751e8b465ee728b)
Start importing Assets/Horrors_Props/Corpse/Animation/Сorpse@Dead.FBX using Guid(63896dc84805b2c489d6ecfc94caebdf) Importer(815301076,1909f56bfc062723c751e8b465ee728b)  -> (artifact id: '54bfa4dc5a1d1807cac045dafa555371') in 0.250652 seconds 
========================================================================
Received Import Request.
  Time since last request: 3.010490 seconds.
  path: Assets/Horrors_Props/Corpse/Materials/Corpse.mat
  artifactKey: Guid(96d67d243e16bc440bc9b32174ef5f47) Importer(815301076,1909f56bfc062723c751e8b465ee728b)
Start importing Assets/Horrors_Props/Corpse/Materials/Corpse.mat using Guid(96d67d243e16bc440bc9b32174ef5f47) Importer(815301076,1909f56bfc062723c751e8b465ee728b)  -> (artifact id: '8cebe17d3410a1eadaac077b353da8f5') in 0.063709 seconds 
========================================================================
Received Import Request.
  Time since last request: 4.466511 seconds.
  path: Assets/Horrors_Props/Corpse/Mesh/Mesh.FBX
  artifactKey: Guid(0c270c25400bd7f4cbdc96e238f5491f) Importer(815301076,1909f56bfc062723c751e8b465ee728b)
Start importing Assets/Horrors_Props/Corpse/Mesh/Mesh.FBX using Guid(0c270c25400bd7f4cbdc96e238f5491f) Importer(815301076,1909f56bfc062723c751e8b465ee728b)  -> (artifact id: 'b1f04031f15c8af96dcc748bd44398af') in 0.071588 seconds 
========================================================================
Received Import Request.
  Time since last request: 3.840699 seconds.
  path: Assets/Horrors_Props/Corpse/Animation
  artifactKey: Guid(8918d9efb79b07b488c4090f5062fedb) Importer(815301076,1909f56bfc062723c751e8b465ee728b)
Start importing Assets/Horrors_Props/Corpse/Animation using Guid(8918d9efb79b07b488c4090f5062fedb) Importer(815301076,1909f56bfc062723c751e8b465ee728b)  -> (artifact id: 'fc82d785604374c9b6a631e4f8e50685') in 0.009542 seconds 
========================================================================
Received Import Request.
  Time since last request: 9.747763 seconds.
  path: Assets/Horrors_Props/Corpse/Animation/СorpseDead.FBX
  artifactKey: Guid(63896dc84805b2c489d6ecfc94caebdf) Importer(815301076,1909f56bfc062723c751e8b465ee728b)
Start importing Assets/Horrors_Props/Corpse/Animation/СorpseDead.FBX using Guid(63896dc84805b2c489d6ecfc94caebdf) Importer(815301076,1909f56bfc062723c751e8b465ee728b)  -> (artifact id: '03208b15cedebbee7052d80cb33ace40') in 0.062976 seconds 
========================================================================
Received Import Request.
  Time since last request: 15.018077 seconds.
  path: Assets/Horrors_Props/Corpse/Animation/Сorpseshout.FBX
  artifactKey: Guid(ead5a3eb2d8ca1c4a9481bf90d38da56) Importer(815301076,1909f56bfc062723c751e8b465ee728b)
Start importing Assets/Horrors_Props/Corpse/Animation/Сorpseshout.FBX using Guid(ead5a3eb2d8ca1c4a9481bf90d38da56) Importer(815301076,1909f56bfc062723c751e8b465ee728b)  -> (artifact id: '84adf537cdf15879874096d2e5c3d180') in 0.069143 seconds 
========================================================================
Received Import Request.
  Time since last request: 44.207791 seconds.
  path: Assets/Horrors_Props/Corpse/Texture
  artifactKey: Guid(2941628d52a2d864da804bf735bd19e8) Importer(815301076,1909f56bfc062723c751e8b465ee728b)
Start importing Assets/Horrors_Props/Corpse/Texture using Guid(2941628d52a2d864da804bf735bd19e8) Importer(815301076,1909f56bfc062723c751e8b465ee728b)  -> (artifact id: '4337d877adfa223782da3b2529ab9cb7') in 0.012206 seconds 
========================================================================
Received Import Request.
  Time since last request: 0.455180 seconds.
  path: Assets/Horrors_Props/Corpse/Prefab
  artifactKey: Guid(d6f8ed293852c0c4ea138a1186ef0c45) Importer(815301076,1909f56bfc062723c751e8b465ee728b)
Start importing Assets/Horrors_Props/Corpse/Prefab using Guid(d6f8ed293852c0c4ea138a1186ef0c45) Importer(815301076,1909f56bfc062723c751e8b465ee728b)  -> (artifact id: '8c09c9597bd50a08eac11db1dfd88e93') in 0.008707 seconds 
========================================================================
Received Import Request.
  Time since last request: 0.350552 seconds.
  path: Assets/Horrors_Props/Corpse/Materials
  artifactKey: Guid(2157b7b18b6a8bd439551e75e343d1c4) Importer(815301076,1909f56bfc062723c751e8b465ee728b)
Start importing Assets/Horrors_Props/Corpse/Materials using Guid(2157b7b18b6a8bd439551e75e343d1c4) Importer(815301076,1909f56bfc062723c751e8b465ee728b)  -> (artifact id: 'b1f0c744b8e967ac4d0bcf0eb43ad4f2') in 0.008164 seconds 
========================================================================
Received Prepare
Registering precompiled user dll's ...
Registered in 0.005514 seconds.
Begin MonoManager ReloadAssembly
Symbol file LoadedFromMemory doesn't match image C:\projects\Project 4\Library\PackageCache\com.unity.visualscripting@1.7.8\Editor\VisualScripting.Core\Dependencies\YamlDotNet\Unity.VisualScripting.YamlDotNet.dll
Symbol file LoadedFromMemory doesn't match image C:\projects\Project 4\Library\PackageCache\com.unity.visualscripting@1.7.8\Editor\VisualScripting.Core\Dependencies\DotNetZip\Unity.VisualScripting.IonicZip.dll
Native extension for WindowsStandalone target not found
Native extension for WebGL target not found
Refreshing native plugins compatible for Editor in 0.56 ms, found 3 plugins.
Preloading 0 native plugins for Editor in 0.00 ms.
Mono: successfully reloaded assembly
- Completed reload, in  0.780 seconds
Domain Reload Profiling:
	ReloadAssembly (780ms)
		BeginReloadAssembly (103ms)
			ExecutionOrderSort (0ms)
			DisableScriptedObjects (2ms)
			BackupInstance (0ms)
			ReleaseScriptingObjects (0ms)
			CreateAndSetChildDomain (29ms)
		EndReloadAssembly (608ms)
			LoadAssemblies (62ms)
			RebuildTransferFunctionScriptingTraits (0ms)
			SetupTypeCache (175ms)
			ReleaseScriptCaches (1ms)
			RebuildScriptCaches (37ms)
			SetupLoadedEditorAssemblies (284ms)
				LogAssemblyErrors (0ms)
				InitializePlatformSupportModulesInManaged (13ms)
				SetLoadedEditorAssemblies (0ms)
				RefreshPlugins (1ms)
				BeforeProcessingInitializeOnLoad (51ms)
				ProcessInitializeOnLoadAttributes (184ms)
				ProcessInitializeOnLoadMethodAttributes (28ms)
				AfterProcessingInitializeOnLoad (6ms)
				EditorAssembliesLoaded (0ms)
			ExecutionOrderSort2 (0ms)
			AwakeInstancesAfterBackupRestoration (6ms)
Platform modules already initialized, skipping
Refreshing native plugins compatible for Editor in 1.99 ms, found 3 plugins.
Preloading 0 native plugins for Editor in 0.00 ms.
Unloading 3382 Unused Serialized files (Serialized files now loaded: 0)
Unloading 20 unused Assets / (80.2 KB). Loaded Objects now: 3900.
Memory consumption went from 136.6 MB to 136.5 MB.
Total: 2.502600 ms (FindLiveObjects: 0.227000 ms CreateObjectMapping: 0.081100 ms MarkObjects: 2.123700 ms  DeleteObjects: 0.070000 ms)

AssetImportParameters requested are different than current active one (requested -> active):
  custom:video-decoder-ogg-theora: a1e56fd34408186e4bbccfd4996cb3dc -> 
  custom:container-muxer-webm: aa71ff27fc2769a1b78a27578f13a17b -> 
  custom:container-demuxer-webm: 4f35f7cbe854078d1ac9338744f61a02 -> 
  custom:video-encoder-webm-vp8: eb34c28f22e8b96e1ab97ce403110664 -> 
  custom:video-codec-MediaFoundation-h265: 746d11721c4dcdbdad8f713fa42b33f4 -> 
  custom:audio-encoder-webm-vorbis: bf7c407c2cedff20999df2af8eb42d56 -> 
  custom:framework-win-MediaFoundation: 216162199b28c13a410421893ffa2e32 -> 
  custom:container-demuxer-ogg: 62fdf1f143b41e24485cea50d1cbac27 -> 
  custom:video-decoder-webm-vp8: 9c59270c3fd7afecdb556c50c9e8de78 -> 
  custom:audio-decoder-ogg-vorbis: bf7c407c2cedff20999df2af8eb42d56 -> 
