Using pre-set license
Built from '2021.3/staging' branch; Version is '2021.3.11f1 (0a5ca18544bf) revision 679073'; Using compiler version '192829333'; Build Type 'Release'
OS: 'Windows 11  (10.0.22621) 64bit Core' Language: 'en' Physical Memory: 16108 MB
BatchMode: 1, IsHumanControllingUs: 0, StartBugReporterOnCrash: 0, Is64bit: 1, IsPro: 1

COMMAND LINE ARGUMENTS:
C:\Program Files\Unity 2021.3.11f1\Editor\Unity.exe
-adb2
-batchMode
-noUpm
-name
AssetImportWorker8
-projectPath
C:/Project 6
-logFile
Logs/AssetImportWorker8.log
-srvPort
51914
Successfully changed project path to: C:/Project 6
C:/Project 6
[UnityMemory] Configuration Parameters - Can be set up in boot.config
    "memorysetup-bucket-allocator-granularity=16"
    "memorysetup-bucket-allocator-bucket-count=8"
    "memorysetup-bucket-allocator-block-size=33554432"
    "memorysetup-bucket-allocator-block-count=8"
    "memorysetup-main-allocator-block-size=16777216"
    "memorysetup-thread-allocator-block-size=16777216"
    "memorysetup-gfx-main-allocator-block-size=16777216"
    "memorysetup-gfx-thread-allocator-block-size=16777216"
    "memorysetup-cache-allocator-block-size=4194304"
    "memorysetup-typetree-allocator-block-size=2097152"
    "memorysetup-profiler-bucket-allocator-granularity=16"
    "memorysetup-profiler-bucket-allocator-bucket-count=8"
    "memorysetup-profiler-bucket-allocator-block-size=33554432"
    "memorysetup-profiler-bucket-allocator-block-count=8"
    "memorysetup-profiler-allocator-block-size=16777216"
    "memorysetup-profiler-editor-allocator-block-size=1048576"
    "memorysetup-temp-allocator-size-main=16777216"
    "memorysetup-job-temp-allocator-block-size=2097152"
    "memorysetup-job-temp-allocator-block-size-background=1048576"
    "memorysetup-job-temp-allocator-reduction-small-platforms=262144"
    "memorysetup-temp-allocator-size-background-worker=32768"
    "memorysetup-temp-allocator-size-job-worker=262144"
    "memorysetup-temp-allocator-size-preload-manager=33554432"
    "memorysetup-temp-allocator-size-nav-mesh-worker=65536"
    "memorysetup-temp-allocator-size-audio-worker=65536"
    "memorysetup-temp-allocator-size-cloud-worker=32768"
    "memorysetup-temp-allocator-size-gi-baking-worker=262144"
    "memorysetup-temp-allocator-size-gfx=262144"
Refreshing native plugins compatible for Editor in 69.14 ms, found 3 plugins.
Preloading 0 native plugins for Editor in 0.00 ms.
Initialize engine version: 2021.3.11f1 (0a5ca18544bf)
[Subsystems] Discovering subsystems at path C:/Program Files/Unity 2021.3.11f1/Editor/Data/Resources/UnitySubsystems
[Subsystems] Discovering subsystems at path C:/Project 6/Assets
GfxDevice: creating device client; threaded=0; jobified=0
Direct3D:
    Version:  Direct3D 11.0 [level 11.1]
    Renderer: NVIDIA GeForce RTX 3070 Ti Laptop GPU (ID=0x24e0)
    Vendor:   NVIDIA
    VRAM:     8032 MB
    Driver:   31.0.15.2799
Initialize mono
Mono path[0] = 'C:/Program Files/Unity 2021.3.11f1/Editor/Data/Managed'
Mono path[1] = 'C:/Program Files/Unity 2021.3.11f1/Editor/Data/MonoBleedingEdge/lib/mono/unityjit-win32'
Mono config path = 'C:/Program Files/Unity 2021.3.11f1/Editor/Data/MonoBleedingEdge/etc'
Using monoOptions --debugger-agent=transport=dt_socket,embedding=1,server=y,suspend=n,address=127.0.0.1:56080
Begin MonoManager ReloadAssembly
Registering precompiled unity dll's ...
Register platform support module: C:/Program Files/Unity 2021.3.11f1/Editor/Data/PlaybackEngines/WebGLSupport/UnityEditor.WebGL.Extensions.dll
Register platform support module: C:/Program Files/Unity 2021.3.11f1/Editor/Data/PlaybackEngines/WindowsStandaloneSupport/UnityEditor.WindowsStandalone.Extensions.dll
Registered in 0.003933 seconds.
Native extension for WindowsStandalone target not found
Native extension for WebGL target not found
Refreshing native plugins compatible for Editor in 58.32 ms, found 3 plugins.
Preloading 0 native plugins for Editor in 0.00 ms.
Mono: successfully reloaded assembly
- Completed reload, in  0.490 seconds
Domain Reload Profiling:
	ReloadAssembly (490ms)
		BeginReloadAssembly (59ms)
			ExecutionOrderSort (0ms)
			DisableScriptedObjects (0ms)
			BackupInstance (0ms)
			ReleaseScriptingObjects (0ms)
			CreateAndSetChildDomain (1ms)
		EndReloadAssembly (352ms)
			LoadAssemblies (57ms)
			RebuildTransferFunctionScriptingTraits (0ms)
			SetupTypeCache (85ms)
			ReleaseScriptCaches (0ms)
			RebuildScriptCaches (21ms)
			SetupLoadedEditorAssemblies (208ms)
				LogAssemblyErrors (0ms)
				InitializePlatformSupportModulesInManaged (7ms)
				SetLoadedEditorAssemblies (0ms)
				RefreshPlugins (58ms)
				BeforeProcessingInitializeOnLoad (1ms)
				ProcessInitializeOnLoadAttributes (105ms)
				ProcessInitializeOnLoadMethodAttributes (37ms)
				AfterProcessingInitializeOnLoad (0ms)
				EditorAssembliesLoaded (0ms)
			ExecutionOrderSort2 (0ms)
			AwakeInstancesAfterBackupRestoration (0ms)
Platform modules already initialized, skipping
Registering precompiled user dll's ...
Registered in 0.005302 seconds.
Begin MonoManager ReloadAssembly
Symbol file LoadedFromMemory doesn't match image C:\Project 6\Library\PackageCache\com.unity.visualscripting@1.7.8\Editor\VisualScripting.Core\Dependencies\YamlDotNet\Unity.VisualScripting.YamlDotNet.dll
Symbol file LoadedFromMemory doesn't match image C:\Project 6\Library\PackageCache\com.unity.visualscripting@1.7.8\Editor\VisualScripting.Core\Dependencies\DotNetZip\Unity.VisualScripting.IonicZip.dll
Native extension for WindowsStandalone target not found
Native extension for WebGL target not found
Refreshing native plugins compatible for Editor in 0.52 ms, found 3 plugins.
Preloading 0 native plugins for Editor in 0.00 ms.
Mono: successfully reloaded assembly
- Completed reload, in  0.771 seconds
Domain Reload Profiling:
	ReloadAssembly (772ms)
		BeginReloadAssembly (94ms)
			ExecutionOrderSort (0ms)
			DisableScriptedObjects (4ms)
			BackupInstance (0ms)
			ReleaseScriptingObjects (0ms)
			CreateAndSetChildDomain (16ms)
		EndReloadAssembly (586ms)
			LoadAssemblies (75ms)
			RebuildTransferFunctionScriptingTraits (0ms)
			SetupTypeCache (195ms)
			ReleaseScriptCaches (0ms)
			RebuildScriptCaches (37ms)
			SetupLoadedEditorAssemblies (260ms)
				LogAssemblyErrors (0ms)
				InitializePlatformSupportModulesInManaged (5ms)
				SetLoadedEditorAssemblies (0ms)
				RefreshPlugins (1ms)
				BeforeProcessingInitializeOnLoad (59ms)
				ProcessInitializeOnLoadAttributes (169ms)
				ProcessInitializeOnLoadMethodAttributes (21ms)
				AfterProcessingInitializeOnLoad (5ms)
				EditorAssembliesLoaded (0ms)
			ExecutionOrderSort2 (0ms)
			AwakeInstancesAfterBackupRestoration (4ms)
Platform modules already initialized, skipping
========================================================================
Worker process is ready to serve import requests
Launched and connected shader compiler UnityShaderCompiler.exe after 0.06 seconds
Refreshing native plugins compatible for Editor in 0.69 ms, found 3 plugins.
Preloading 0 native plugins for Editor in 0.00 ms.
Unloading 3400 Unused Serialized files (Serialized files now loaded: 0)
Unloading 27 unused Assets / (115.1 KB). Loaded Objects now: 3876.
Memory consumption went from 136.8 MB to 136.7 MB.
Total: 3.185700 ms (FindLiveObjects: 0.324100 ms CreateObjectMapping: 0.157600 ms MarkObjects: 2.587300 ms  DeleteObjects: 0.115200 ms)

AssetImportParameters requested are different than current active one (requested -> active):
  custom:video-decoder-ogg-theora: a1e56fd34408186e4bbccfd4996cb3dc -> 
  custom:container-muxer-webm: aa71ff27fc2769a1b78a27578f13a17b -> 
  custom:container-demuxer-webm: 4f35f7cbe854078d1ac9338744f61a02 -> 
  custom:video-encoder-webm-vp8: eb34c28f22e8b96e1ab97ce403110664 -> 
  custom:video-codec-MediaFoundation-h265: 746d11721c4dcdbdad8f713fa42b33f4 -> 
  custom:audio-encoder-webm-vorbis: bf7c407c2cedff20999df2af8eb42d56 -> 
  custom:framework-win-MediaFoundation: 216162199b28c13a410421893ffa2e32 -> 
  custom:container-demuxer-ogg: 62fdf1f143b41e24485cea50d1cbac27 -> 
  custom:video-decoder-webm-vp8: 9c59270c3fd7afecdb556c50c9e8de78 -> 
  custom:audio-decoder-ogg-vorbis: bf7c407c2cedff20999df2af8eb42d56 -> 
========================================================================
Received Import Request.
  Time since last request: 2079399.435173 seconds.
  path: Assets/Bottles/WoodenMugOld.prefab
  artifactKey: Guid(af6f67ac20d22b94da813a29b9d45044) Importer(815301076,1909f56bfc062723c751e8b465ee728b)
Start importing Assets/Bottles/WoodenMugOld.prefab using Guid(af6f67ac20d22b94da813a29b9d45044) Importer(815301076,1909f56bfc062723c751e8b465ee728b)  -> (artifact id: '9078802bbb917ddbc928b36103d00c87') in 0.217074 seconds 
========================================================================
Received Import Request.
  Time since last request: 4.757259 seconds.
  path: Assets/Prefabs/Import/Prefabs/Particles/Fire.prefab
  artifactKey: Guid(e1cfba93dfaba63418fbba5ac04926ff) Importer(815301076,1909f56bfc062723c751e8b465ee728b)
Start importing Assets/Prefabs/Import/Prefabs/Particles/Fire.prefab using Guid(e1cfba93dfaba63418fbba5ac04926ff) Importer(815301076,1909f56bfc062723c751e8b465ee728b)  -> (artifact id: 'e11b4eb38a76cd2afb7abe846057f8fa') in 0.040953 seconds 
========================================================================
Received Import Request.
  Time since last request: 5.364762 seconds.
  path: Assets/Prefabs/Import/Prefabs/Chandelier.prefab
  artifactKey: Guid(073d7a7ad0af6304198f7c3a4de75b68) Importer(815301076,1909f56bfc062723c751e8b465ee728b)
Start importing Assets/Prefabs/Import/Prefabs/Chandelier.prefab using Guid(073d7a7ad0af6304198f7c3a4de75b68) Importer(815301076,1909f56bfc062723c751e8b465ee728b)  -> (artifact id: '4317b43a2f2e63aef760b7ef48511dd4') in 0.091036 seconds 
========================================================================
Received Import Request.
  Time since last request: 0.914242 seconds.
  path: Assets/Prefabs/Import/Prefabs/CurtainsValanceB.prefab
  artifactKey: Guid(79d5a5d61ebfc7a409c470c9775f0893) Importer(815301076,1909f56bfc062723c751e8b465ee728b)
Start importing Assets/Prefabs/Import/Prefabs/CurtainsValanceB.prefab using Guid(79d5a5d61ebfc7a409c470c9775f0893) Importer(815301076,1909f56bfc062723c751e8b465ee728b)  -> (artifact id: 'ebc3183e0afdc602d734051bf944e221') in 0.026627 seconds 
========================================================================
Received Import Request.
  Time since last request: 0.328880 seconds.
  path: Assets/Prefabs/Import/Prefabs/Door14.prefab
  artifactKey: Guid(cb5d5c8bb4c240f4f9e18acc0b87df8a) Importer(815301076,1909f56bfc062723c751e8b465ee728b)
Start importing Assets/Prefabs/Import/Prefabs/Door14.prefab using Guid(cb5d5c8bb4c240f4f9e18acc0b87df8a) Importer(815301076,1909f56bfc062723c751e8b465ee728b)  -> (artifact id: '05159dab3c8216bfe51123a875396aab') in 0.058913 seconds 
========================================================================
Received Import Request.
  Time since last request: 0.367801 seconds.
  path: Assets/Prefabs/Import/Prefabs/Fence.prefab
  artifactKey: Guid(eb85fb3da1f9764448568d71922d01af) Importer(815301076,1909f56bfc062723c751e8b465ee728b)
Start importing Assets/Prefabs/Import/Prefabs/Fence.prefab using Guid(eb85fb3da1f9764448568d71922d01af) Importer(815301076,1909f56bfc062723c751e8b465ee728b)  -> (artifact id: '40eab6d4b1efcc318ba6201f60351b1e') in 0.166366 seconds 
========================================================================
Received Import Request.
  Time since last request: 0.232041 seconds.
  path: Assets/Prefabs/Import/Prefabs/Hat.prefab
  artifactKey: Guid(ce299f8ae5e216849a5768c50f8ba440) Importer(815301076,1909f56bfc062723c751e8b465ee728b)
Start importing Assets/Prefabs/Import/Prefabs/Hat.prefab using Guid(ce299f8ae5e216849a5768c50f8ba440) Importer(815301076,1909f56bfc062723c751e8b465ee728b)  -> (artifact id: '03f7d3800aea75b50c72164ae6c9a42f') in 0.048480 seconds 
========================================================================
Received Import Request.
  Time since last request: 0.318985 seconds.
  path: Assets/Prefabs/Import/Prefabs/Jacket.prefab
  artifactKey: Guid(223820e21915d394596d8829a717b70a) Importer(815301076,1909f56bfc062723c751e8b465ee728b)
Start importing Assets/Prefabs/Import/Prefabs/Jacket.prefab using Guid(223820e21915d394596d8829a717b70a) Importer(815301076,1909f56bfc062723c751e8b465ee728b)  -> (artifact id: 'e185e70f89db09fde8eada24339fddfc') in 0.030340 seconds 
========================================================================
Received Import Request.
  Time since last request: 0.323457 seconds.
  path: Assets/Prefabs/Import/Prefabs/OilLamp_reflector.prefab
  artifactKey: Guid(76f4ab41d7575e44a8c478774aa2f0b6) Importer(815301076,1909f56bfc062723c751e8b465ee728b)
Start importing Assets/Prefabs/Import/Prefabs/OilLamp_reflector.prefab using Guid(76f4ab41d7575e44a8c478774aa2f0b6) Importer(815301076,1909f56bfc062723c751e8b465ee728b)  -> (artifact id: 'f98a89dcd1205ad5671375a0816537bf') in 0.032492 seconds 
========================================================================
Received Import Request.
  Time since last request: 0.304495 seconds.
  path: Assets/Prefabs/Import/Prefabs/Plank01.prefab
  artifactKey: Guid(342744980eba53b46a054b72ad33b86b) Importer(815301076,1909f56bfc062723c751e8b465ee728b)
Start importing Assets/Prefabs/Import/Prefabs/Plank01.prefab using Guid(342744980eba53b46a054b72ad33b86b) Importer(815301076,1909f56bfc062723c751e8b465ee728b)  -> (artifact id: 'b02d18aed57ed5fed94d15ea57bd5c7d') in 0.072637 seconds 
========================================================================
Received Import Request.
  Time since last request: 0.280634 seconds.
  path: Assets/Prefabs/Import/Prefabs/Planks.prefab
  artifactKey: Guid(97debf684b745504f8d63d597661f799) Importer(815301076,1909f56bfc062723c751e8b465ee728b)
Start importing Assets/Prefabs/Import/Prefabs/Planks.prefab using Guid(97debf684b745504f8d63d597661f799) Importer(815301076,1909f56bfc062723c751e8b465ee728b)  -> (artifact id: 'dc574d1397474c4aa800a06971a65c71') in 0.092147 seconds 
