Using pre-set license
Built from '2021.3/staging' branch; Version is '2021.3.11f1 (0a5ca18544bf) revision 679073'; Using compiler version '192829333'; Build Type 'Release'
OS: 'Windows 11  (10.0.22621) 64bit Core' Language: 'en' Physical Memory: 16108 MB
BatchMode: 1, IsHumanControllingUs: 0, StartBugReporterOnCrash: 0, Is64bit: 1, IsPro: 1

COMMAND LINE ARGUMENTS:
C:\Program Files\Unity 2021.3.11f1\Editor\Unity.exe
-adb2
-batchMode
-noUpm
-name
AssetImportWorker5
-projectPath
C:/Project 6
-logFile
Logs/AssetImportWorker5.log
-srvPort
51914
Successfully changed project path to: C:/Project 6
C:/Project 6
[UnityMemory] Configuration Parameters - Can be set up in boot.config
    "memorysetup-bucket-allocator-granularity=16"
    "memorysetup-bucket-allocator-bucket-count=8"
    "memorysetup-bucket-allocator-block-size=33554432"
    "memorysetup-bucket-allocator-block-count=8"
    "memorysetup-main-allocator-block-size=16777216"
    "memorysetup-thread-allocator-block-size=16777216"
    "memorysetup-gfx-main-allocator-block-size=16777216"
    "memorysetup-gfx-thread-allocator-block-size=16777216"
    "memorysetup-cache-allocator-block-size=4194304"
    "memorysetup-typetree-allocator-block-size=2097152"
    "memorysetup-profiler-bucket-allocator-granularity=16"
    "memorysetup-profiler-bucket-allocator-bucket-count=8"
    "memorysetup-profiler-bucket-allocator-block-size=33554432"
    "memorysetup-profiler-bucket-allocator-block-count=8"
    "memorysetup-profiler-allocator-block-size=16777216"
    "memorysetup-profiler-editor-allocator-block-size=1048576"
    "memorysetup-temp-allocator-size-main=16777216"
    "memorysetup-job-temp-allocator-block-size=2097152"
    "memorysetup-job-temp-allocator-block-size-background=1048576"
    "memorysetup-job-temp-allocator-reduction-small-platforms=262144"
    "memorysetup-temp-allocator-size-background-worker=32768"
    "memorysetup-temp-allocator-size-job-worker=262144"
    "memorysetup-temp-allocator-size-preload-manager=33554432"
    "memorysetup-temp-allocator-size-nav-mesh-worker=65536"
    "memorysetup-temp-allocator-size-audio-worker=65536"
    "memorysetup-temp-allocator-size-cloud-worker=32768"
    "memorysetup-temp-allocator-size-gi-baking-worker=262144"
    "memorysetup-temp-allocator-size-gfx=262144"
Refreshing native plugins compatible for Editor in 79.43 ms, found 3 plugins.
Preloading 0 native plugins for Editor in 0.00 ms.
Initialize engine version: 2021.3.11f1 (0a5ca18544bf)
[Subsystems] Discovering subsystems at path C:/Program Files/Unity 2021.3.11f1/Editor/Data/Resources/UnitySubsystems
[Subsystems] Discovering subsystems at path C:/Project 6/Assets
GfxDevice: creating device client; threaded=0; jobified=0
Direct3D:
    Version:  Direct3D 11.0 [level 11.1]
    Renderer: NVIDIA GeForce RTX 3070 Ti Laptop GPU (ID=0x24e0)
    Vendor:   NVIDIA
    VRAM:     8032 MB
    Driver:   31.0.15.2799
Initialize mono
Mono path[0] = 'C:/Program Files/Unity 2021.3.11f1/Editor/Data/Managed'
Mono path[1] = 'C:/Program Files/Unity 2021.3.11f1/Editor/Data/MonoBleedingEdge/lib/mono/unityjit-win32'
Mono config path = 'C:/Program Files/Unity 2021.3.11f1/Editor/Data/MonoBleedingEdge/etc'
Using monoOptions --debugger-agent=transport=dt_socket,embedding=1,server=y,suspend=n,address=127.0.0.1:56936
Begin MonoManager ReloadAssembly
Registering precompiled unity dll's ...
Register platform support module: C:/Program Files/Unity 2021.3.11f1/Editor/Data/PlaybackEngines/WebGLSupport/UnityEditor.WebGL.Extensions.dll
Register platform support module: C:/Program Files/Unity 2021.3.11f1/Editor/Data/PlaybackEngines/WindowsStandaloneSupport/UnityEditor.WindowsStandalone.Extensions.dll
Registered in 0.006371 seconds.
Native extension for WindowsStandalone target not found
Native extension for WebGL target not found
Refreshing native plugins compatible for Editor in 57.75 ms, found 3 plugins.
Preloading 0 native plugins for Editor in 0.00 ms.
Mono: successfully reloaded assembly
- Completed reload, in  0.508 seconds
Domain Reload Profiling:
	ReloadAssembly (509ms)
		BeginReloadAssembly (92ms)
			ExecutionOrderSort (0ms)
			DisableScriptedObjects (0ms)
			BackupInstance (0ms)
			ReleaseScriptingObjects (0ms)
			CreateAndSetChildDomain (1ms)
		EndReloadAssembly (335ms)
			LoadAssemblies (90ms)
			RebuildTransferFunctionScriptingTraits (0ms)
			SetupTypeCache (70ms)
			ReleaseScriptCaches (0ms)
			RebuildScriptCaches (21ms)
			SetupLoadedEditorAssemblies (207ms)
				LogAssemblyErrors (0ms)
				InitializePlatformSupportModulesInManaged (6ms)
				SetLoadedEditorAssemblies (0ms)
				RefreshPlugins (58ms)
				BeforeProcessingInitializeOnLoad (1ms)
				ProcessInitializeOnLoadAttributes (107ms)
				ProcessInitializeOnLoadMethodAttributes (35ms)
				AfterProcessingInitializeOnLoad (0ms)
				EditorAssembliesLoaded (0ms)
			ExecutionOrderSort2 (0ms)
			AwakeInstancesAfterBackupRestoration (0ms)
Platform modules already initialized, skipping
Registering precompiled user dll's ...
Registered in 0.004822 seconds.
Begin MonoManager ReloadAssembly
Symbol file LoadedFromMemory doesn't match image C:\Project 6\Library\PackageCache\com.unity.visualscripting@1.7.8\Editor\VisualScripting.Core\Dependencies\YamlDotNet\Unity.VisualScripting.YamlDotNet.dll
Symbol file LoadedFromMemory doesn't match image C:\Project 6\Library\PackageCache\com.unity.visualscripting@1.7.8\Editor\VisualScripting.Core\Dependencies\DotNetZip\Unity.VisualScripting.IonicZip.dll
Native extension for WindowsStandalone target not found
Native extension for WebGL target not found
Refreshing native plugins compatible for Editor in 0.44 ms, found 3 plugins.
Preloading 0 native plugins for Editor in 0.00 ms.
Mono: successfully reloaded assembly
- Completed reload, in  0.842 seconds
Domain Reload Profiling:
	ReloadAssembly (842ms)
		BeginReloadAssembly (96ms)
			ExecutionOrderSort (0ms)
			DisableScriptedObjects (4ms)
			BackupInstance (0ms)
			ReleaseScriptingObjects (0ms)
			CreateAndSetChildDomain (16ms)
		EndReloadAssembly (662ms)
			LoadAssemblies (143ms)
			RebuildTransferFunctionScriptingTraits (0ms)
			SetupTypeCache (180ms)
			ReleaseScriptCaches (0ms)
			RebuildScriptCaches (38ms)
			SetupLoadedEditorAssemblies (281ms)
				LogAssemblyErrors (0ms)
				InitializePlatformSupportModulesInManaged (5ms)
				SetLoadedEditorAssemblies (0ms)
				RefreshPlugins (0ms)
				BeforeProcessingInitializeOnLoad (61ms)
				ProcessInitializeOnLoadAttributes (185ms)
				ProcessInitializeOnLoadMethodAttributes (24ms)
				AfterProcessingInitializeOnLoad (6ms)
				EditorAssembliesLoaded (0ms)
			ExecutionOrderSort2 (0ms)
			AwakeInstancesAfterBackupRestoration (5ms)
Platform modules already initialized, skipping
========================================================================
Worker process is ready to serve import requests
Launched and connected shader compiler UnityShaderCompiler.exe after 0.08 seconds
Refreshing native plugins compatible for Editor in 0.67 ms, found 3 plugins.
Preloading 0 native plugins for Editor in 0.00 ms.
Unloading 3403 Unused Serialized files (Serialized files now loaded: 0)
Unloading 27 unused Assets / (115.2 KB). Loaded Objects now: 3879.
Memory consumption went from 136.9 MB to 136.8 MB.
Total: 3.786100 ms (FindLiveObjects: 0.368000 ms CreateObjectMapping: 0.163500 ms MarkObjects: 3.143700 ms  DeleteObjects: 0.109500 ms)

AssetImportParameters requested are different than current active one (requested -> active):
  custom:video-decoder-ogg-theora: a1e56fd34408186e4bbccfd4996cb3dc -> 
  custom:container-muxer-webm: aa71ff27fc2769a1b78a27578f13a17b -> 
  custom:container-demuxer-webm: 4f35f7cbe854078d1ac9338744f61a02 -> 
  custom:video-encoder-webm-vp8: eb34c28f22e8b96e1ab97ce403110664 -> 
  custom:video-codec-MediaFoundation-h265: 746d11721c4dcdbdad8f713fa42b33f4 -> 
  custom:audio-encoder-webm-vorbis: bf7c407c2cedff20999df2af8eb42d56 -> 
  custom:framework-win-MediaFoundation: 216162199b28c13a410421893ffa2e32 -> 
  custom:container-demuxer-ogg: 62fdf1f143b41e24485cea50d1cbac27 -> 
  custom:video-decoder-webm-vp8: 9c59270c3fd7afecdb556c50c9e8de78 -> 
  custom:audio-decoder-ogg-vorbis: bf7c407c2cedff20999df2af8eb42d56 -> 
========================================================================
Received Import Request.
  Time since last request: 2079059.905721 seconds.
  path: Assets/WesternSaloon/Obejcts/Fence.FBX
  artifactKey: Guid(0697f5b891cb195449af02217c1fd966) Importer(815301076,1909f56bfc062723c751e8b465ee728b)
Start importing Assets/WesternSaloon/Obejcts/Fence.FBX using Guid(0697f5b891cb195449af02217c1fd966) Importer(815301076,1909f56bfc062723c751e8b465ee728b)  -> (artifact id: '30b2313a159f2e3d0fafe4e993ba30d2') in 0.261979 seconds 
========================================================================
Received Import Request.
  Time since last request: 0.727370 seconds.
  path: Assets/WesternSaloon/Obejcts/FurnaceSmall_shortTube.FBX
  artifactKey: Guid(3bf3182d002f8634cbcfe8c5acb025b4) Importer(815301076,1909f56bfc062723c751e8b465ee728b)
Start importing Assets/WesternSaloon/Obejcts/FurnaceSmall_shortTube.FBX using Guid(3bf3182d002f8634cbcfe8c5acb025b4) Importer(815301076,1909f56bfc062723c751e8b465ee728b)  -> (artifact id: '821e619c27e0a1c548ff4d11265be906') in 0.142868 seconds 
========================================================================
Received Import Request.
  Time since last request: 0.935156 seconds.
  path: Assets/WesternSaloon/Obejcts/PianoStool.FBX
  artifactKey: Guid(cafd77283c5cb4841885b8da84d29621) Importer(815301076,1909f56bfc062723c751e8b465ee728b)
Start importing Assets/WesternSaloon/Obejcts/PianoStool.FBX using Guid(cafd77283c5cb4841885b8da84d29621) Importer(815301076,1909f56bfc062723c751e8b465ee728b)  -> (artifact id: '98d65beb64e2c10d76a719f62b92791c') in 0.217939 seconds 
========================================================================
Received Import Request.
  Time since last request: 0.890443 seconds.
  path: Assets/WesternSaloon/Obejcts/Planks.FBX
  artifactKey: Guid(aea4250eaf7e16d4db2109fe0d5b78b7) Importer(815301076,1909f56bfc062723c751e8b465ee728b)
Start importing Assets/WesternSaloon/Obejcts/Planks.FBX using Guid(aea4250eaf7e16d4db2109fe0d5b78b7) Importer(815301076,1909f56bfc062723c751e8b465ee728b)  -> (artifact id: '6156f8d907d0b257638e3c9db94150b9') in 0.116362 seconds 
========================================================================
Received Import Request.
  Time since last request: 0.309226 seconds.
  path: Assets/WesternSaloon/Obejcts/Rack.FBX
  artifactKey: Guid(fc0078e0925f6284aa3d72082f7ce784) Importer(815301076,1909f56bfc062723c751e8b465ee728b)
Start importing Assets/WesternSaloon/Obejcts/Rack.FBX using Guid(fc0078e0925f6284aa3d72082f7ce784) Importer(815301076,1909f56bfc062723c751e8b465ee728b)  -> (artifact id: '231fa834d5486983a806ca360684ce53') in 0.056742 seconds 
========================================================================
Received Import Request.
  Time since last request: 0.793545 seconds.
  path: Assets/WesternSaloon/Obejcts/RopeDynamic.FBX
  artifactKey: Guid(b4e7877148ce57b41be2b7ae9c9847c2) Importer(815301076,1909f56bfc062723c751e8b465ee728b)
Start importing Assets/WesternSaloon/Obejcts/RopeDynamic.FBX using Guid(b4e7877148ce57b41be2b7ae9c9847c2) Importer(815301076,1909f56bfc062723c751e8b465ee728b)  -> (artifact id: '0749a3ae83d84710d0e98d85d0ed06fd') in 0.093062 seconds 
========================================================================
Received Import Request.
  Time since last request: 0.690203 seconds.
  path: Assets/WesternSaloon/Obejcts/Table01.FBX
  artifactKey: Guid(7d23b0628913142419cf71741a1c834f) Importer(815301076,1909f56bfc062723c751e8b465ee728b)
Start importing Assets/WesternSaloon/Obejcts/Table01.FBX using Guid(7d23b0628913142419cf71741a1c834f) Importer(815301076,1909f56bfc062723c751e8b465ee728b)  -> (artifact id: '4cfe3203f30e7d7b8d9c43ea695a5513') in 0.070037 seconds 
========================================================================
Received Import Request.
  Time since last request: 1.155620 seconds.
  path: Assets/WesternSaloon/Obejcts/WoodenBarrel.FBX
  artifactKey: Guid(6fa64857e70a8c44a8968bd12899646a) Importer(815301076,1909f56bfc062723c751e8b465ee728b)
Start importing Assets/WesternSaloon/Obejcts/WoodenBarrel.FBX using Guid(6fa64857e70a8c44a8968bd12899646a) Importer(815301076,1909f56bfc062723c751e8b465ee728b)  -> (artifact id: '19734911d1b97dfb09b377e3082fefdd') in 0.078201 seconds 
========================================================================
Received Import Request.
  Time since last request: 6.015312 seconds.
  path: Assets/WesternSaloon/DemoScene/_TerrainAutoUpgrade/layer_SandTerrain_dSand_n(3.000,3.000)(0.000,0.000)(0.000,0.000,0.000),0.000,0.000.terrainlayer
  artifactKey: Guid(de84b181ee562b6479c5299044fb63f8) Importer(815301076,1909f56bfc062723c751e8b465ee728b)
Start importing Assets/WesternSaloon/DemoScene/_TerrainAutoUpgrade/layer_SandTerrain_dSand_n(3.000,3.000)(0.000,0.000)(0.000,0.000,0.000),0.000,0.000.terrainlayer using Guid(de84b181ee562b6479c5299044fb63f8) Importer(815301076,1909f56bfc062723c751e8b465ee728b)  -> (artifact id: '39a352f33330aca99b78660b7c0fc1c4') in 0.049311 seconds 
========================================================================
Received Import Request.
  Time since last request: 2.423094 seconds.
  path: Assets/WesternSaloon/DemoScene/Saloon_demoScene/Lightmap-1_comp_dir.png
  artifactKey: Guid(ed8b3069bb819fb48ac1bb5a954e7fc4) Importer(815301076,1909f56bfc062723c751e8b465ee728b)
Start importing Assets/WesternSaloon/DemoScene/Saloon_demoScene/Lightmap-1_comp_dir.png using Guid(ed8b3069bb819fb48ac1bb5a954e7fc4) Importer(815301076,1909f56bfc062723c751e8b465ee728b)  -> (artifact id: 'cb61383905464c15b26501f8d2aaba72') in 0.074621 seconds 
========================================================================
Received Import Request.
  Time since last request: 0.000027 seconds.
  path: Assets/WesternSaloon/DemoScene/Saloon_demoScene/Lightmap-1_comp_shadowmask.png
  artifactKey: Guid(f612900ba057c3c47bc84d2efed14095) Importer(815301076,1909f56bfc062723c751e8b465ee728b)
Start importing Assets/WesternSaloon/DemoScene/Saloon_demoScene/Lightmap-1_comp_shadowmask.png using Guid(f612900ba057c3c47bc84d2efed14095) Importer(815301076,1909f56bfc062723c751e8b465ee728b)  -> (artifact id: '692e870f937d4e9a1d4a03abfc50bb3d') in 0.066972 seconds 
========================================================================
Received Import Request.
  Time since last request: 0.000055 seconds.
  path: Assets/WesternSaloon/DemoScene/Saloon_demoScene/Lightmap-3_comp_light.exr
  artifactKey: Guid(ae22954e185bd2447b93bf2ef8e233cf) Importer(815301076,1909f56bfc062723c751e8b465ee728b)
Start importing Assets/WesternSaloon/DemoScene/Saloon_demoScene/Lightmap-3_comp_light.exr using Guid(ae22954e185bd2447b93bf2ef8e233cf) Importer(815301076,1909f56bfc062723c751e8b465ee728b)  -> (artifact id: '4136350c08d6e853383b695519eb5486') in 0.036365 seconds 
Editor requested this worker to shutdown with reason: Scaling down because of idle timeout
AssetImportWorker is now disconnected from the server
Process exiting
Exiting without the bug reporter. Application will terminate with return code 0