Using pre-set license
Built from '2021.3/staging' branch; Version is '2021.3.11f1 (0a5ca18544bf) revision 679073'; Using compiler version '192829333'; Build Type 'Release'
OS: 'Windows 11  (10.0.22621) 64bit Core' Language: 'en' Physical Memory: 16108 MB
BatchMode: 1, IsHumanControllingUs: 0, StartBugReporterOnCrash: 0, Is64bit: 1, IsPro: 1

COMMAND LINE ARGUMENTS:
C:\Program Files\Unity 2021.3.11f1\Editor\Unity.exe
-adb2
-batchMode
-noUpm
-name
AssetImportWorker6
-projectPath
C:/Project 6
-logFile
Logs/AssetImportWorker6.log
-srvPort
51914
Successfully changed project path to: C:/Project 6
C:/Project 6
[UnityMemory] Configuration Parameters - Can be set up in boot.config
    "memorysetup-bucket-allocator-granularity=16"
    "memorysetup-bucket-allocator-bucket-count=8"
    "memorysetup-bucket-allocator-block-size=33554432"
    "memorysetup-bucket-allocator-block-count=8"
    "memorysetup-main-allocator-block-size=16777216"
    "memorysetup-thread-allocator-block-size=16777216"
    "memorysetup-gfx-main-allocator-block-size=16777216"
    "memorysetup-gfx-thread-allocator-block-size=16777216"
    "memorysetup-cache-allocator-block-size=4194304"
    "memorysetup-typetree-allocator-block-size=2097152"
    "memorysetup-profiler-bucket-allocator-granularity=16"
    "memorysetup-profiler-bucket-allocator-bucket-count=8"
    "memorysetup-profiler-bucket-allocator-block-size=33554432"
    "memorysetup-profiler-bucket-allocator-block-count=8"
    "memorysetup-profiler-allocator-block-size=16777216"
    "memorysetup-profiler-editor-allocator-block-size=1048576"
    "memorysetup-temp-allocator-size-main=16777216"
    "memorysetup-job-temp-allocator-block-size=2097152"
    "memorysetup-job-temp-allocator-block-size-background=1048576"
    "memorysetup-job-temp-allocator-reduction-small-platforms=262144"
    "memorysetup-temp-allocator-size-background-worker=32768"
    "memorysetup-temp-allocator-size-job-worker=262144"
    "memorysetup-temp-allocator-size-preload-manager=33554432"
    "memorysetup-temp-allocator-size-nav-mesh-worker=65536"
    "memorysetup-temp-allocator-size-audio-worker=65536"
    "memorysetup-temp-allocator-size-cloud-worker=32768"
    "memorysetup-temp-allocator-size-gi-baking-worker=262144"
    "memorysetup-temp-allocator-size-gfx=262144"
Refreshing native plugins compatible for Editor in 66.36 ms, found 3 plugins.
Preloading 0 native plugins for Editor in 0.00 ms.
Initialize engine version: 2021.3.11f1 (0a5ca18544bf)
[Subsystems] Discovering subsystems at path C:/Program Files/Unity 2021.3.11f1/Editor/Data/Resources/UnitySubsystems
[Subsystems] Discovering subsystems at path C:/Project 6/Assets
GfxDevice: creating device client; threaded=0; jobified=0
Direct3D:
    Version:  Direct3D 11.0 [level 11.1]
    Renderer: NVIDIA GeForce RTX 3070 Ti Laptop GPU (ID=0x24e0)
    Vendor:   NVIDIA
    VRAM:     8032 MB
    Driver:   31.0.15.2799
Initialize mono
Mono path[0] = 'C:/Program Files/Unity 2021.3.11f1/Editor/Data/Managed'
Mono path[1] = 'C:/Program Files/Unity 2021.3.11f1/Editor/Data/MonoBleedingEdge/lib/mono/unityjit-win32'
Mono config path = 'C:/Program Files/Unity 2021.3.11f1/Editor/Data/MonoBleedingEdge/etc'
Using monoOptions --debugger-agent=transport=dt_socket,embedding=1,server=y,suspend=n,address=127.0.0.1:56344
Begin MonoManager ReloadAssembly
Registering precompiled unity dll's ...
Register platform support module: C:/Program Files/Unity 2021.3.11f1/Editor/Data/PlaybackEngines/WebGLSupport/UnityEditor.WebGL.Extensions.dll
Register platform support module: C:/Program Files/Unity 2021.3.11f1/Editor/Data/PlaybackEngines/WindowsStandaloneSupport/UnityEditor.WindowsStandalone.Extensions.dll
Registered in 0.003224 seconds.
Native extension for WindowsStandalone target not found
Native extension for WebGL target not found
Refreshing native plugins compatible for Editor in 55.03 ms, found 3 plugins.
Preloading 0 native plugins for Editor in 0.00 ms.
Mono: successfully reloaded assembly
- Completed reload, in  0.508 seconds
Domain Reload Profiling:
	ReloadAssembly (508ms)
		BeginReloadAssembly (104ms)
			ExecutionOrderSort (0ms)
			DisableScriptedObjects (0ms)
			BackupInstance (0ms)
			ReleaseScriptingObjects (0ms)
			CreateAndSetChildDomain (1ms)
		EndReloadAssembly (327ms)
			LoadAssemblies (102ms)
			RebuildTransferFunctionScriptingTraits (0ms)
			SetupTypeCache (70ms)
			ReleaseScriptCaches (0ms)
			RebuildScriptCaches (20ms)
			SetupLoadedEditorAssemblies (199ms)
				LogAssemblyErrors (0ms)
				InitializePlatformSupportModulesInManaged (6ms)
				SetLoadedEditorAssemblies (0ms)
				RefreshPlugins (55ms)
				BeforeProcessingInitializeOnLoad (1ms)
				ProcessInitializeOnLoadAttributes (102ms)
				ProcessInitializeOnLoadMethodAttributes (34ms)
				AfterProcessingInitializeOnLoad (0ms)
				EditorAssembliesLoaded (0ms)
			ExecutionOrderSort2 (0ms)
			AwakeInstancesAfterBackupRestoration (0ms)
Platform modules already initialized, skipping
Registering precompiled user dll's ...
Registered in 0.004293 seconds.
Begin MonoManager ReloadAssembly
Symbol file LoadedFromMemory doesn't match image C:\Project 6\Library\PackageCache\com.unity.visualscripting@1.7.8\Editor\VisualScripting.Core\Dependencies\YamlDotNet\Unity.VisualScripting.YamlDotNet.dll
Symbol file LoadedFromMemory doesn't match image C:\Project 6\Library\PackageCache\com.unity.visualscripting@1.7.8\Editor\VisualScripting.Core\Dependencies\DotNetZip\Unity.VisualScripting.IonicZip.dll
Native extension for WindowsStandalone target not found
Native extension for WebGL target not found
Refreshing native plugins compatible for Editor in 0.42 ms, found 3 plugins.
Preloading 0 native plugins for Editor in 0.00 ms.
Mono: successfully reloaded assembly
- Completed reload, in  0.840 seconds
Domain Reload Profiling:
	ReloadAssembly (841ms)
		BeginReloadAssembly (91ms)
			ExecutionOrderSort (0ms)
			DisableScriptedObjects (5ms)
			BackupInstance (0ms)
			ReleaseScriptingObjects (0ms)
			CreateAndSetChildDomain (15ms)
		EndReloadAssembly (663ms)
			LoadAssemblies (140ms)
			RebuildTransferFunctionScriptingTraits (0ms)
			SetupTypeCache (181ms)
			ReleaseScriptCaches (0ms)
			RebuildScriptCaches (39ms)
			SetupLoadedEditorAssemblies (280ms)
				LogAssemblyErrors (0ms)
				InitializePlatformSupportModulesInManaged (5ms)
				SetLoadedEditorAssemblies (0ms)
				RefreshPlugins (0ms)
				BeforeProcessingInitializeOnLoad (60ms)
				ProcessInitializeOnLoadAttributes (185ms)
				ProcessInitializeOnLoadMethodAttributes (24ms)
				AfterProcessingInitializeOnLoad (5ms)
				EditorAssembliesLoaded (0ms)
			ExecutionOrderSort2 (0ms)
			AwakeInstancesAfterBackupRestoration (5ms)
Platform modules already initialized, skipping
========================================================================
Worker process is ready to serve import requests
Launched and connected shader compiler UnityShaderCompiler.exe after 0.05 seconds
Refreshing native plugins compatible for Editor in 0.59 ms, found 3 plugins.
Preloading 0 native plugins for Editor in 0.00 ms.
Unloading 3403 Unused Serialized files (Serialized files now loaded: 0)
Unloading 27 unused Assets / (115.2 KB). Loaded Objects now: 3879.
Memory consumption went from 136.9 MB to 136.8 MB.
Total: 3.950500 ms (FindLiveObjects: 0.294300 ms CreateObjectMapping: 0.115500 ms MarkObjects: 3.385100 ms  DeleteObjects: 0.154200 ms)

AssetImportParameters requested are different than current active one (requested -> active):
  custom:video-decoder-ogg-theora: a1e56fd34408186e4bbccfd4996cb3dc -> 
  custom:container-muxer-webm: aa71ff27fc2769a1b78a27578f13a17b -> 
  custom:container-demuxer-webm: 4f35f7cbe854078d1ac9338744f61a02 -> 
  custom:video-encoder-webm-vp8: eb34c28f22e8b96e1ab97ce403110664 -> 
  custom:video-codec-MediaFoundation-h265: 746d11721c4dcdbdad8f713fa42b33f4 -> 
  custom:audio-encoder-webm-vorbis: bf7c407c2cedff20999df2af8eb42d56 -> 
  custom:framework-win-MediaFoundation: 216162199b28c13a410421893ffa2e32 -> 
  custom:container-demuxer-ogg: 62fdf1f143b41e24485cea50d1cbac27 -> 
  custom:video-decoder-webm-vp8: 9c59270c3fd7afecdb556c50c9e8de78 -> 
  custom:audio-decoder-ogg-vorbis: bf7c407c2cedff20999df2af8eb42d56 -> 
========================================================================
Received Import Request.
  Time since last request: 2079056.224490 seconds.
  path: Assets/WesternSaloon/Obejcts/Chair02.FBX
  artifactKey: Guid(a45aaba10adc4d0498bfbb26b7a7ac41) Importer(815301076,1909f56bfc062723c751e8b465ee728b)
Start importing Assets/WesternSaloon/Obejcts/Chair02.FBX using Guid(a45aaba10adc4d0498bfbb26b7a7ac41) Importer(815301076,1909f56bfc062723c751e8b465ee728b)  -> (artifact id: '6fb04ba3f951bf3e6ca12c71fa793002') in 0.169646 seconds 
========================================================================
Received Import Request.
  Time since last request: 1.803123 seconds.
  path: Assets/WesternSaloon/Obejcts/CurtainsLace.FBX
  artifactKey: Guid(012dd0e4814e41248b55bfb5daa5e10c) Importer(815301076,1909f56bfc062723c751e8b465ee728b)
Start importing Assets/WesternSaloon/Obejcts/CurtainsLace.FBX using Guid(012dd0e4814e41248b55bfb5daa5e10c) Importer(815301076,1909f56bfc062723c751e8b465ee728b)  -> (artifact id: '7b449cfecab3e6a059c8fc63056593d0') in 0.186312 seconds 
========================================================================
Received Import Request.
  Time since last request: 1.494774 seconds.
  path: Assets/WesternSaloon/Obejcts/DoorwayCurtains.FBX
  artifactKey: Guid(e04d65f8689583343b7e303c535c16fa) Importer(815301076,1909f56bfc062723c751e8b465ee728b)
Start importing Assets/WesternSaloon/Obejcts/DoorwayCurtains.FBX using Guid(e04d65f8689583343b7e303c535c16fa) Importer(815301076,1909f56bfc062723c751e8b465ee728b)  -> (artifact id: '08b48ac9fbd0a60ee1116dd5d9461e2b') in 0.147266 seconds 
========================================================================
Received Import Request.
  Time since last request: 0.852463 seconds.
  path: Assets/WesternSaloon/Obejcts/FurnaceSmall_longTube.FBX
  artifactKey: Guid(8391c32e5f9b98a42a53423e8bc55ad5) Importer(815301076,1909f56bfc062723c751e8b465ee728b)
Start importing Assets/WesternSaloon/Obejcts/FurnaceSmall_longTube.FBX using Guid(8391c32e5f9b98a42a53423e8bc55ad5) Importer(815301076,1909f56bfc062723c751e8b465ee728b)  -> (artifact id: '2da0288545493adeac7024d2b5e6de71') in 0.127357 seconds 
========================================================================
Received Import Request.
  Time since last request: 0.226169 seconds.
  path: Assets/WesternSaloon/Obejcts/Hook.FBX
  artifactKey: Guid(644189ab51a22e246b5b161c34a615fb) Importer(815301076,1909f56bfc062723c751e8b465ee728b)
Start importing Assets/WesternSaloon/Obejcts/Hook.FBX using Guid(644189ab51a22e246b5b161c34a615fb) Importer(815301076,1909f56bfc062723c751e8b465ee728b)  -> (artifact id: '60c42a078fee2cf466df4c92e8b82d0a') in 0.056184 seconds 
========================================================================
Received Import Request.
  Time since last request: 0.316923 seconds.
  path: Assets/WesternSaloon/Obejcts/Mountain02.FBX
  artifactKey: Guid(a07f9197a6490c04da19c111d03cf3b6) Importer(815301076,1909f56bfc062723c751e8b465ee728b)
Start importing Assets/WesternSaloon/Obejcts/Mountain02.FBX using Guid(a07f9197a6490c04da19c111d03cf3b6) Importer(815301076,1909f56bfc062723c751e8b465ee728b)  -> (artifact id: '931b902faaf8497e1aac3dfa2276ff9e') in 0.046245 seconds 
========================================================================
Received Import Request.
  Time since last request: 0.291267 seconds.
  path: Assets/WesternSaloon/Obejcts/Piano.FBX
  artifactKey: Guid(e88a6b3059b5a7d468ff2b1f9a78c293) Importer(815301076,1909f56bfc062723c751e8b465ee728b)
Start importing Assets/WesternSaloon/Obejcts/Piano.FBX using Guid(e88a6b3059b5a7d468ff2b1f9a78c293) Importer(815301076,1909f56bfc062723c751e8b465ee728b)  -> (artifact id: 'e66056aca4e8471eece617f50dfe618f') in 0.251966 seconds 
========================================================================
Received Import Request.
  Time since last request: 0.376661 seconds.
  path: Assets/WesternSaloon/Obejcts/Plank02.FBX
  artifactKey: Guid(c4d8ed539bf283f40937a02470e07e26) Importer(815301076,1909f56bfc062723c751e8b465ee728b)
Start importing Assets/WesternSaloon/Obejcts/Plank02.FBX using Guid(c4d8ed539bf283f40937a02470e07e26) Importer(815301076,1909f56bfc062723c751e8b465ee728b)  -> (artifact id: '2a9db52159d2f38461aeef03d0a0c738') in 0.093814 seconds 
========================================================================
Received Import Request.
  Time since last request: 0.373068 seconds.
  path: Assets/WesternSaloon/Obejcts/Plank05.FBX
  artifactKey: Guid(d61f724fe4646d4449af9740a6934a24) Importer(815301076,1909f56bfc062723c751e8b465ee728b)
Start importing Assets/WesternSaloon/Obejcts/Plank05.FBX using Guid(d61f724fe4646d4449af9740a6934a24) Importer(815301076,1909f56bfc062723c751e8b465ee728b)  -> (artifact id: '4775bb41b0d1350dba3ab66f85ac8c5e') in 0.114668 seconds 
========================================================================
Received Import Request.
  Time since last request: 0.311024 seconds.
  path: Assets/WesternSaloon/Obejcts/Poster_wanted.FBX
  artifactKey: Guid(9ccf06d5add633a4a97b236c4c9a459b) Importer(815301076,1909f56bfc062723c751e8b465ee728b)
Start importing Assets/WesternSaloon/Obejcts/Poster_wanted.FBX using Guid(9ccf06d5add633a4a97b236c4c9a459b) Importer(815301076,1909f56bfc062723c751e8b465ee728b)  -> (artifact id: '5d8ee66db45c96bd134fe26cdef83743') in 0.075575 seconds 
========================================================================
Received Import Request.
  Time since last request: 0.334555 seconds.
  path: Assets/WesternSaloon/Obejcts/Room02.FBX
  artifactKey: Guid(00cd3263b6e79f14db2f145c845e8f24) Importer(815301076,1909f56bfc062723c751e8b465ee728b)
Start importing Assets/WesternSaloon/Obejcts/Room02.FBX using Guid(00cd3263b6e79f14db2f145c845e8f24) Importer(815301076,1909f56bfc062723c751e8b465ee728b)  -> (artifact id: 'b888c0ef072434e017ca6010f328157a') in 0.093373 seconds 
========================================================================
Received Import Request.
  Time since last request: 0.347759 seconds.
  path: Assets/WesternSaloon/Obejcts/Rope_loop.FBX
  artifactKey: Guid(2e512bcc2a121a04dbac26a4af68ab7c) Importer(815301076,1909f56bfc062723c751e8b465ee728b)
Start importing Assets/WesternSaloon/Obejcts/Rope_loop.FBX using Guid(2e512bcc2a121a04dbac26a4af68ab7c) Importer(815301076,1909f56bfc062723c751e8b465ee728b)  -> (artifact id: 'fc6a9197bcd1b12663914d7afc4be41e') in 0.059954 seconds 
========================================================================
Received Import Request.
  Time since last request: 0.348353 seconds.
  path: Assets/WesternSaloon/Obejcts/Signboard.FBX
  artifactKey: Guid(aed2117db9633654fb9bf26129215e83) Importer(815301076,1909f56bfc062723c751e8b465ee728b)
Start importing Assets/WesternSaloon/Obejcts/Signboard.FBX using Guid(aed2117db9633654fb9bf26129215e83) Importer(815301076,1909f56bfc062723c751e8b465ee728b)  -> (artifact id: '2ce0d0942c43545b880fd2946b4cbd7d') in 0.035024 seconds 
========================================================================
Received Import Request.
  Time since last request: 0.330890 seconds.
  path: Assets/WesternSaloon/Obejcts/StrawBriquette.FBX
  artifactKey: Guid(495c03f9fc503d44b882a859db6078e7) Importer(815301076,1909f56bfc062723c751e8b465ee728b)
Start importing Assets/WesternSaloon/Obejcts/StrawBriquette.FBX using Guid(495c03f9fc503d44b882a859db6078e7) Importer(815301076,1909f56bfc062723c751e8b465ee728b)  -> (artifact id: '8b3cbc05053d7a57220751d459acdb9c') in 0.109884 seconds 
========================================================================
Received Import Request.
  Time since last request: 0.643601 seconds.
  path: Assets/WesternSaloon/Obejcts/WaterTrough.FBX
  artifactKey: Guid(4ef37cbf7c2194a428455ac6fb27703b) Importer(815301076,1909f56bfc062723c751e8b465ee728b)
Start importing Assets/WesternSaloon/Obejcts/WaterTrough.FBX using Guid(4ef37cbf7c2194a428455ac6fb27703b) Importer(815301076,1909f56bfc062723c751e8b465ee728b)  -> (artifact id: 'beae37788c82f581b9e6a68c81323469') in 0.158113 seconds 
========================================================================
Received Import Request.
  Time since last request: 0.294279 seconds.
  path: Assets/WesternSaloon/Obejcts/Window_small.FBX
  artifactKey: Guid(74596555b8ebcab44b503d36c4210f98) Importer(815301076,1909f56bfc062723c751e8b465ee728b)
Start importing Assets/WesternSaloon/Obejcts/Window_small.FBX using Guid(74596555b8ebcab44b503d36c4210f98) Importer(815301076,1909f56bfc062723c751e8b465ee728b)  -> (artifact id: 'd983cd5e6cab9d455b5eeef2fb44d203') in 0.128787 seconds 
========================================================================
Received Import Request.
  Time since last request: 5.983032 seconds.
  path: Assets/WesternSaloon/DemoScene/_TerrainAutoUpgrade/layer_Rot_dRot_n(3.000,3.000)(0.000,0.000)(0.000,0.000,0.000),0.000,0.000.terrainlayer
  artifactKey: Guid(2dc595e2397957b448a80b401efee8e6) Importer(815301076,1909f56bfc062723c751e8b465ee728b)
Start importing Assets/WesternSaloon/DemoScene/_TerrainAutoUpgrade/layer_Rot_dRot_n(3.000,3.000)(0.000,0.000)(0.000,0.000,0.000),0.000,0.000.terrainlayer using Guid(2dc595e2397957b448a80b401efee8e6) Importer(815301076,1909f56bfc062723c751e8b465ee728b)  -> (artifact id: 'cf9cd435286604dd41a481ce7f54da9b') in 0.048531 seconds 
========================================================================
Received Import Request.
  Time since last request: 2.423401 seconds.
  path: Assets/WesternSaloon/DemoScene/Saloon_demoScene/Lightmap-0_comp_shadowmask.png
  artifactKey: Guid(2833bbb59aabd3f46b02a3a0d42b0747) Importer(815301076,1909f56bfc062723c751e8b465ee728b)
Start importing Assets/WesternSaloon/DemoScene/Saloon_demoScene/Lightmap-0_comp_shadowmask.png using Guid(2833bbb59aabd3f46b02a3a0d42b0747) Importer(815301076,1909f56bfc062723c751e8b465ee728b)  -> (artifact id: '06f3b2bf819d42ccfd288aa49f5f18d1') in 0.074211 seconds 
========================================================================
Received Import Request.
  Time since last request: 0.000028 seconds.
  path: Assets/WesternSaloon/DemoScene/Saloon_demoScene/Lightmap-2_comp_light.exr
  artifactKey: Guid(9d2441d8512a22943b25642c667833dd) Importer(815301076,1909f56bfc062723c751e8b465ee728b)
Start importing Assets/WesternSaloon/DemoScene/Saloon_demoScene/Lightmap-2_comp_light.exr using Guid(9d2441d8512a22943b25642c667833dd) Importer(815301076,1909f56bfc062723c751e8b465ee728b)  -> (artifact id: '86a948a4b8ef2817610ed7746e24db8e') in 0.070390 seconds 
========================================================================
Received Import Request.
  Time since last request: 3.248165 seconds.
  path: Assets/WesternSaloon/DemoScene/Saloon_demoScene/Reflection Probe_06-reflectionHDR.exr
  artifactKey: Guid(45d3d0239bc61264dbc416f37ac804d7) Importer(815301076,1909f56bfc062723c751e8b465ee728b)
Start importing Assets/WesternSaloon/DemoScene/Saloon_demoScene/Reflection Probe_06-reflectionHDR.exr using Guid(45d3d0239bc61264dbc416f37ac804d7) Importer(815301076,1909f56bfc062723c751e8b465ee728b)  -> (artifact id: '8f19986ea16d9967db46cbb98c0e8ea0') in 0.056354 seconds 
Editor requested this worker to shutdown with reason: Scaling down because of idle timeout
AssetImportWorker is now disconnected from the server
Process exiting
Exiting without the bug reporter. Application will terminate with return code 0